NFL Blitz 2000 Video Game (c) 1999 Midway Games -  (08/20/99 22:18:31) page 1

PLBUILD version 3.0G

Bank Information
----------------

Bank name: BEARS.BNK

Size of .BNK file including header: 42354 bytes ($A572 bytes)

Size of playlist table: 84 bytes ($54 bytes)

Size of playlist and sound data only: 42136 bytes ($A498 bytes)

Checksum: $246F

Total number of playlists: 15 ($F)

Total number of sound files: 15 ($F)

Average bit rate for bank: 23.9 kbits/sec

Total linear amount of sound: 0:13.993 (min:sec.msec)



Playlist Table

  Dec  Hex   # Trks  Video  Pinball  Description
  ---- ----- ------ ------- -------  -----------
  0    $0000   1       45.2    51.8  TK: Chicago ... (down by - leads by - etc.)
  1    $0001   1       42.7    49.0  TK: The Bears ... (down by - lead by - etc.)
  2    $0002   1       77.0    88.3  TK: The Chicago Bears ... (first position)
  3    $0003   1       91.2   104.6  TK: ... the Chicago Bears (second position)

  10   $000a   1       41.0    47.0  TK: QB Normal (McNown)
  11   $000b   1       31.0    35.5  TK: Weap. #1 Normal (Enis)
  12   $000c   1       31.4    36.0  TK: Weap. #2 Normal (Engram)
  13   $000d   1       36.0    41.3  TK: Weap. #3 Normal (Conway)
  14   $000e   1       41.0    47.0  TK: "to" Weap. #1 (Enis)
  15   $000f   1       43.5    49.9  TK: "to" Weap. #2 (Engram)
  16   $0010   1       44.4    50.9  TK: "to" Weap. #3 (Conway)
  17   $0011   1       54.4    62.4  TK: QB Pumped up (McNown)
  18   $0012   1       67.4    77.3  TK: Weap. #1 Pumped up (Enis)
  19   $0013   1       64.9    74.4  TK: Weap. #2 Pumped up (Engram)
  20   $0014   1       51.9    59.5  TK: Weap. #3 Pumped up (Conway)

Total 15 Playlists
 
NFL Blitz 2000 Video Game (c) 1999 Midway Games -  (08/20/99 22:18:31) page 2


Region Table 

File         Size      Length   Length    Bitrate   Compression
Name         bytes     frames   seconds   kbit/sec  Parameters
-----------  --------  -------  --------  --------  -----------
TKBEARS1         2162      101  0:00.776     22.30  HENRY -v6.75 -vb47 -vi7 -vt1 
TKCHCGO1         2564      107  0:00.822     24.96  HENRY -v6.75 -vb47 -vi7 -vt1 
TKCHIBR1         4964      184  0:01.413     28.10  HENRY -v6.75 -vb47 -vi7 -vt1 
TKCHIBR2         5424      218  0:01.674     25.92  HENRY -v6.75 -vb47 -vi7 -vt1 
TKTM2P1          3548      161  0:01.236     22.96  HENRY -v7.50 -vb47 -vi7 -vt3 
TKTM2P2          3760      155  0:01.190     25.27  HENRY -v7.50 -vb47 -vi7 -vt3 
TKTM2P3          2992      124  0:00.952     25.13  HENRY -v7.50 -vb47 -vi7 -vt3 
TKTM2Q1          1804       98  0:00.753     19.18  HENRY -v7.50 -vb47 -vi7 -vt3 
TKTM2Q2          2826      131  0:01.006     22.47  HENRY -v7.50 -vb47 -vi7 -vt3 
TKTM2T1          2104       98  0:00.753     22.36  HENRY -v7.50 -vb47 -vi7 -vt3 
TKTM2T2          2254      105  0:00.806     22.36  HENRY -v7.50 -vb47 -vi7 -vt3 
TKTM2T3          2456      106  0:00.814     24.14  HENRY -v7.50 -vb47 -vi7 -vt3 
TKTM2W1          1384       73  0:00.561     19.75  HENRY -v7.50 -vb47 -vi7 -vt3 
TKTM2W2          1498       75  0:00.576     20.81  HENRY -v7.50 -vb47 -vi7 -vt3 
TKTM2W3          2086       86  0:00.660     25.27  HENRY -v7.50 -vb47 -vi7 -vt3 
 
NFL Blitz 2000 Video Game (c) 1999 Midway Games -  (08/20/99 22:18:31) page 3


Summary

Total Average Bitrate:  23.9 kbits/sec
Total Time:             0:13.993 minutes
Total Number of .CMP's: 15
Total Size of .CMP's:    40.85 kbytes
