NFL Blitz 2000 Video Game (c) 1999 Midway Games -  (08/17/99 15:12:10) page 1

PLBUILD version 3.0G

Bank Information
----------------

Bank name: BENGALS.BNK

Size of .BNK file including header: 34796 bytes ($87EC bytes)

Size of playlist table: 84 bytes ($54 bytes)

Size of playlist and sound data only: 34578 bytes ($8712 bytes)

Checksum: $399A

Total number of playlists: 15 ($F)

Total number of sound files: 15 ($F)

Average bit rate for bank: 22.8 kbits/sec

Total linear amount of sound: 0:12.042 (min:sec.msec)



Playlist Table

  Dec  Hex   # Trks  Video  Pinball  Description
  ---- ----- ------ ------- -------  -----------
  0    $0000   1       46.5    53.3  TK: Cincinnatti ... (down by - leads by - etc.)
  1    $0001   1       46.0    52.8  TK: The Bengals ... (down by - lead by - etc.)
  2    $0002   1       90.4   103.7  TK: The Cinncinnati Bengals ... (first position)
  3    $0003   1       96.7   110.9  TK: ... the Cinncinnati Bengals (second position)

  10   $000a   1       22.2    25.4  TK: QB Normal (Blake)
  11   $000b   1       31.4    36.0  TK: Weapon #1 Normal (Dillon)
  12   $000c   1       27.6    31.7  TK: Weapon #2 Normal (Scott)
  13   $000d   1       32.2    37.0  TK: Weapon #3 Normal (Pickens)
  14   $000e   1       38.1    43.7  TK: "to" Weapon #1 (Dillon)
  15   $000f   1       32.2    37.0  TK: "to" Weapon #2 (Scott)
  16   $0010   1       43.1    49.4  TK: "to" Weapon #3 (Pickens)
  17   $0011   1       25.1    28.8  TK: QB Pumped up (Blake)
  18   $0012   1       41.9    48.0  TK: Weapon #1 Pumped up (Dillon)
  19   $0013   1       37.7    43.2  TK: Weapon #2 Pumped up (Scott)
  20   $0014   1       46.0    52.8  TK: Weapon #3 Pumped up (Pickens)

Total 15 Playlists
 
NFL Blitz 2000 Video Game (c) 1999 Midway Games -  (08/17/99 15:12:10) page 2


Region Table 

File         Size      Length   Length    Bitrate   Compression
Name         bytes     frames   seconds   kbit/sec  Parameters
-----------  --------  -------  --------  --------  -----------
TKBNGLS1         2430      109  0:00.837     23.22  HENRY -v6.75 -vb47 -vi7 -vt1 
TKCINBG1         5328      216  0:01.659     25.69  HENRY -v6.75 -vb47 -vi7 -vt1 
TKCINBG2         5766      231  0:01.774     26.00  HENRY -v6.75 -vb47 -vi7 -vt1 
TKCNCTI1         2710      110  0:00.845     25.66  HENRY -v6.75 -vb47 -vi7 -vt1 
TKTM16P1         2018      100  0:00.768     21.02  HENRY -v7.50 -vb47 -vi7 -vt3 
TKTM16P2         2118       90  0:00.691     24.51  HENRY -v7.50 -vb47 -vi7 -vt3 
TKTM16P3         1822      110  0:00.845     17.25  HENRY -v7.50 -vb47 -vi7 -vt3 
TKTM16Q1          970       53  0:00.407     19.06  HENRY -v7.50 -vb47 -vi7 -vt3 
TKTM16Q2         1174       60  0:00.461     20.38  HENRY -v7.50 -vb47 -vi7 -vt3 
TKTM16T1         1896       91  0:00.699     21.70  HENRY -v7.50 -vb47 -vi7 -vt3 
TKTM16T2         1934       77  0:00.591     26.16  HENRY -v7.50 -vb47 -vi7 -vt3 
TKTM16T3         1884      103  0:00.791     19.05  HENRY -v7.50 -vb47 -vi7 -vt3 
TKTM16W1         1496       75  0:00.576     20.78  HENRY -v7.50 -vb47 -vi7 -vt3 
TKTM16W2         1340       66  0:00.507     21.15  HENRY -v7.50 -vb47 -vi7 -vt3 
TKTM16W3         1382       77  0:00.591     18.70  HENRY -v7.50 -vb47 -vi7 -vt3 
 
NFL Blitz 2000 Video Game (c) 1999 Midway Games -  (08/17/99 15:12:10) page 3


Summary

Total Average Bitrate:  22.8 kbits/sec
Total Time:             0:12.042 minutes
Total Number of .CMP's: 15
Total Size of .CMP's:    33.46 kbytes
