NFL Blitz 2000 Video Game (c) 1999 Midway Games -  (08/20/99 22:27:18) page 1

PLBUILD version 3.0G

Bank Information
----------------

Bank name: BRONCOS.BNK

Size of .BNK file including header: 38312 bytes ($95A8 bytes)

Size of playlist table: 84 bytes ($54 bytes)

Size of playlist and sound data only: 38094 bytes ($94CE bytes)

Checksum: $179D

Total number of playlists: 15 ($F)

Total number of sound files: 15 ($F)

Average bit rate for bank: 22.6 kbits/sec

Total linear amount of sound: 0:13.394 (min:sec.msec)



Playlist Table

  Dec  Hex   # Trks  Video  Pinball  Description
  ---- ----- ------ ------- -------  -----------
  0    $0000   1       35.6    40.8  TK: Denver ... (down by - leads by - etc.)
  1    $0001   1       51.1    58.6  TK: The Broncos ... (down by - lead by - etc.)
  2    $0002   1       77.4    88.8  TK: The Denver Broncos ... (first position)
  3    $0003   1       81.6    93.6  TK: ... the Denver Broncos (second position)

  10   $000a   1       32.2    37.0  TK: QB Normal (Brister)
  11   $000b   1       37.7    43.2  TK: Weapon #1 Normal (Davis)
  12   $000c   1       25.1    28.8  TK: Weapon #2 Normal (Sharpe)
  13   $000d   1       43.5    49.9  TK: Weapon #3 Normal (McCaffrey)
  14   $000e   1       52.3    60.0  TK: "to" Weapon #1 (Davis)
  15   $000f   1       32.6    37.4  TK: "to" Weapon #2 (Sharpe)
  16   $0010   1       51.1    58.6  TK: "to" Weapon #3 (McCaffrey)
  17   $0011   1       46.5    53.3  TK: QB Pumped up (Brister)
  18   $0012   1       52.7    60.5  TK: Weapon #1 Pumped up (Davis)
  19   $0013   1       37.3    42.7  TK: Weapon #2 Pumped up (Sharpe)
  20   $0014   1       74.1    85.0  TK: Weapon #3 Pumped up (McCaffrey)

Total 15 Playlists
 
NFL Blitz 2000 Video Game (c) 1999 Midway Games -  (08/20/99 22:27:18) page 2


Region Table 

File         Size      Length   Length    Bitrate   Compression
Name         bytes     frames   seconds   kbit/sec  Parameters
-----------  --------  -------  --------  --------  -----------
TKBRNCO1         2588      121  0:00.929     22.28  HENRY -v6.75 -vb47 -vi7 -vt1 
TKDNVBR1         4248      185  0:01.421     23.92  HENRY -v6.75 -vb47 -vi7 -vt1 
TKDNVBR2         4352      195  0:01.498     23.25  HENRY -v6.75 -vb47 -vi7 -vt1 
TKDNVER1         1782       84  0:00.645     22.10  HENRY -v6.75 -vb47 -vi7 -vt1 
TKTM21P1         2830      126  0:00.968     23.40  HENRY -v7.50 -vb47 -vi7 -vt3 
TKTM21P2         2180       89  0:00.684     25.51  HENRY -v7.50 -vb47 -vi7 -vt3 
TKTM21P3         4274      177  0:01.359     25.15  HENRY -v7.50 -vb47 -vi7 -vt3 
TKTM21Q1         1312       77  0:00.591     17.75  HENRY -v7.50 -vb47 -vi7 -vt3 
TKTM21Q2         2416      111  0:00.852     22.67  HENRY -v7.50 -vb47 -vi7 -vt3 
TKTM21T1         2650      125  0:00.960     22.08  HENRY -v7.50 -vb47 -vi7 -vt3 
TKTM21T2         1900       78  0:00.599     25.37  HENRY -v7.50 -vb47 -vi7 -vt3 
TKTM21T3         2370      122  0:00.937     20.24  HENRY -v7.50 -vb47 -vi7 -vt3 
TKTM21W1         1786       90  0:00.691     20.67  HENRY -v7.50 -vb47 -vi7 -vt3 
TKTM21W2         1256       60  0:00.461     21.81  HENRY -v7.50 -vb47 -vi7 -vt3 
TKTM21W3         1840      104  0:00.799     18.43  HENRY -v7.50 -vb47 -vi7 -vt3 
 
NFL Blitz 2000 Video Game (c) 1999 Midway Games -  (08/20/99 22:27:18) page 3


Summary

Total Average Bitrate:  22.6 kbits/sec
Total Time:             0:13.394 minutes
Total Number of .CMP's: 15
Total Size of .CMP's:    36.90 kbytes
