NFL Blitz 2000 Video Game (c) 1999 Midway Games -  (08/20/99 22:29:19) page 1

PLBUILD version 3.0G

Bank Information
----------------

Bank name: BROWNS.BNK

Size of .BNK file including header: 38786 bytes ($9782 bytes)

Size of playlist table: 84 bytes ($54 bytes)

Size of playlist and sound data only: 38568 bytes ($96A8 bytes)

Checksum: $4112

Total number of playlists: 15 ($F)

Total number of sound files: 15 ($F)

Average bit rate for bank: 23.2 kbits/sec

Total linear amount of sound: 0:13.194 (min:sec.msec)



Playlist Table

  Dec  Hex   # Trks  Video  Pinball  Description
  ---- ----- ------ ------- -------  -----------
  0    $0000   1       33.1    37.9  TK: Cleveland ... (down by - leads by - etc.)
  1    $0001   1       44.4    50.9  TK: The Browns ... (down by - lead by - etc.)
  2    $0002   1       83.3    95.5  TK: The Cleveland Browns ... (first position)
  3    $0003   1       84.5    97.0  TK: ... the Cleveland Browns (second position)

  10   $000a   1       29.7    34.1  TK: QB Normal (Couch)
  11   $000b   1       29.7    34.1  TK: Weapon #1 Normal (Kirby)
  12   $000c   1       31.8    36.5  TK: Weapon #2 Normal (Shepherd)
  13   $000d   1       36.8    42.2  TK: Weapon #3 Normal (Johnson)
  14   $000e   1       42.3    48.5  TK: "to" Weapon #1 (Kirby)
  15   $000f   1       39.8    45.6  TK: "to" Weapon #2 (Shepherd)
  16   $0010   1       49.4    56.6  TK: "to" Weapon #3 (Johnson)
  17   $0011   1       37.3    42.7  TK: QB Pumped up (Couch)
  18   $0012   1       56.9    65.3  TK: Weapon #1 Pumped up (Kirby)
  19   $0013   1       55.7    63.8  TK: Weapon #2 Pumped up (Shepherd)
  20   $0014   1       64.5    73.9  TK: Weapon #3 Pumped up (Johnson)

Total 15 Playlists
 
NFL Blitz 2000 Video Game (c) 1999 Midway Games -  (08/20/99 22:29:19) page 2


Region Table 

File         Size      Length   Length    Bitrate   Compression
Name         bytes     frames   seconds   kbit/sec  Parameters
-----------  --------  -------  --------  --------  -----------
TKCBRWNS         2408      106  0:00.814     23.66  HENRY -v7.50 -vb47 -vi7 -vt3 
TKCLVBR1         4528      199  0:01.528     23.70  HENRY -v7.50 -vb47 -vi7 -vt3 
TKCLVBR2         4950      202  0:01.551     25.53  HENRY -v7.50 -vb47 -vi7 -vt3 
TKCLVLND         1972       79  0:00.607     26.00  HENRY -v7.50 -vb47 -vi7 -vt3 
TKTM31P1         3220      136  0:01.044     24.66  HENRY -v7.50 -vb47 -vi7 -vt3 
TKTM31P2         2780      133  0:01.021     21.77  HENRY -v7.50 -vb47 -vi7 -vt3 
TKTM31P3         3542      154  0:01.183     23.96  HENRY -v7.50 -vb47 -vi7 -vt3 
TKTM31Q1         1628       71  0:00.545     23.88  HENRY -v7.50 -vb47 -vi7 -vt3 
TKTM31Q2         2258       89  0:00.684     26.43  HENRY -v7.50 -vb47 -vi7 -vt3 
TKTM31T1         2044      101  0:00.776     21.08  HENRY -v7.50 -vb47 -vi7 -vt3 
TKTM31T2         1868       95  0:00.730     20.48  HENRY -v7.50 -vb47 -vi7 -vt3 
TKTM31T3         2446      118  0:00.906     21.59  HENRY -v7.50 -vb47 -vi7 -vt3 
TKTM31W1         1498       71  0:00.545     21.98  HENRY -v7.50 -vb47 -vi7 -vt3 
TKTM31W2         1276       76  0:00.584     17.49  HENRY -v7.50 -vb47 -vi7 -vt3 
TKTM31W3         1840       88  0:00.676     21.78  HENRY -v7.50 -vb47 -vi7 -vt3 
 
NFL Blitz 2000 Video Game (c) 1999 Midway Games -  (08/20/99 22:29:19) page 3


Summary

Total Average Bitrate:  23.2 kbits/sec
Total Time:             0:13.194 minutes
Total Number of .CMP's: 15
Total Size of .CMP's:    37.36 kbytes
