NFL Blitz 2000 Video Game (c) 1999 Midway Games -  (09/11/99 22:15:40) page 1

PLBUILD version 3.0G

Bank Information
----------------

Bank name: BUYIN.BNK

Size of .BNK file including header: 60488 bytes ($EC48 bytes)

Size of playlist table: 4 bytes ($4 bytes)

Size of playlist and sound data only: 60350 bytes ($EBBE bytes)

Checksum: $0CFB

Total number of playlists: 1 ($1)

Total number of sound files: 4 ($4)

Average bit rate for bank: 54.2 kbits/sec

Total linear amount of sound: 0:08.901 (min:sec.msec)



Playlist Table

  Dec  Hex   # Trks  Video  Pinball  Description
  ---- ----- ------ ------- -------  -----------
  0    $0000   1          -       -  Buyin

Total 1 Playlists
 
NFL Blitz 2000 Video Game (c) 1999 Midway Games -  (09/11/99 22:15:40) page 2


Region Table 

File         Size      Length   Length    Bitrate   Compression
Name         bytes     frames   seconds   kbit/sec  Parameters
-----------  --------  -------  --------  --------  -----------
BUYIN1           3076       81  0:00.622     39.56  HENRY -v3.75 -vb95 -vi7 -vr79 -vt0 
BUYIN2          14206      249  0:01.912     59.43  HENRY -v3.75 -vb95 -vi7 -vr79 -vt0 
BUYIN3          19336      415  0:03.187     48.53  HENRY -v3.75 -vb95 -vi7 -vr79 -vt0 
BUYIN4          23670      414  0:03.180     59.56  HENRY -v3.75 -vb95 -vi7 -vr79 -vt0 
 
NFL Blitz 2000 Video Game (c) 1999 Midway Games -  (09/11/99 22:15:40) page 3


Summary

Total Average Bitrate:  54.2 kbits/sec
Total Time:             0:08.901 minutes
Total Number of .CMP's: 4
Total Size of .CMP's:    58.88 kbytes
