NFL Blitz 2000 Video Game (c) 1999 Midway Games -  (08/20/99 22:32:01) page 1

PLBUILD version 3.0G

Bank Information
----------------

Bank name: CARDINAL.BNK

Size of .BNK file including header: 38504 bytes ($9668 bytes)

Size of playlist table: 84 bytes ($54 bytes)

Size of playlist and sound data only: 38286 bytes ($958E bytes)

Checksum: $D6C9

Total number of playlists: 15 ($F)

Total number of sound files: 15 ($F)

Average bit rate for bank: 23.7 kbits/sec

Total linear amount of sound: 0:12.810 (min:sec.msec)



Playlist Table

  Dec  Hex   # Trks  Video  Pinball  Description
  ---- ----- ------ ------- -------  -----------
  0    $0000   1       41.0    47.0  TK: Arizona ... (down by - leads by -  etc.)
  1    $0001   1       36.0    41.3  TK: The Cardinals ... (down by - lead by - etc.)
  2    $0002   1       89.2   102.2  TK: The Arizona Cardinals ... (first position)
  3    $0003   1       96.3   110.4  TK: ... the Arizona Cardinals (second position)

  10   $000a   1       23.0    26.4  TK: QB Normal (Plummer)
  11   $000b   1       35.2    40.3  TK: Weapon #1 Normal (Murrell)
  12   $000c   1       36.8    42.2  TK: Weapon #2 Normal (Boston)
  13   $000d   1       30.6    35.0  TK: Weapon #3 Normal (Moore)
  14   $000e   1       43.9    50.4  TK: "to" Weapon #1 (Murrell)
  15   $000f   1       45.6    52.3  TK: "to" Weapon #2 (Boston)
  16   $0010   1       34.7    39.8  TK: "to" Weapon #3 (Moore)
  17   $0011   1       34.3    39.4  TK: QB Pumped up (Plummer)
  18   $0012   1       47.3    54.2  TK: Weapon #1 Pumped up (Murrell)
  19   $0013   1       61.9    71.0  TK: Weapon #2 Pumped up (Boston)
  20   $0014   1       43.1    49.4  TK: Weapon #3 Pumped up (Moore)

Total 15 Playlists
 
NFL Blitz 2000 Video Game (c) 1999 Midway Games -  (08/20/99 22:32:01) page 2


Region Table 

File         Size      Length   Length    Bitrate   Compression
Name         bytes     frames   seconds   kbit/sec  Parameters
-----------  --------  -------  --------  --------  -----------
TKARZCD1         5198      213  0:01.636     25.42  HENRY -v6.75 -vb47 -vi7 -vt1 
TKARZCD2         5318      230  0:01.766     24.09  HENRY -v6.75 -vb47 -vi7 -vt1 
TKARZNA1         2592       97  0:00.745     27.84  HENRY -v6.75 -vb47 -vi7 -vt1 
TKCRDNL1         2008       85  0:00.653     24.61  HENRY -v6.75 -vb47 -vi7 -vt1 
TKTM11P1         2750      113  0:00.868     25.35  HENRY -v7.50 -vb47 -vi7 -vt3 
TKTM11P2         3034      148  0:01.137     21.35  HENRY -v7.50 -vb47 -vi7 -vt3 
TKTM11P3         2394      103  0:00.791     24.21  HENRY -v7.50 -vb47 -vi7 -vt3 
TKTM11Q1         1248       55  0:00.422     23.64  HENRY -v7.50 -vb47 -vi7 -vt3 
TKTM11Q2         1930       82  0:00.630     24.52  HENRY -v7.50 -vb47 -vi7 -vt3 
TKTM11T1         2440      105  0:00.806     24.21  HENRY -v7.50 -vb47 -vi7 -vt3 
TKTM11T2         2068      109  0:00.837     19.76  HENRY -v7.50 -vb47 -vi7 -vt3 
TKTM11T3         1862       83  0:00.637     23.37  HENRY -v7.50 -vb47 -vi7 -vt3 
TKTM11W1         2026       84  0:00.645     25.12  HENRY -v7.50 -vb47 -vi7 -vt3 
TKTM11W2         1618       88  0:00.676     19.15  HENRY -v7.50 -vb47 -vi7 -vt3 
TKTM11W3         1490       73  0:00.561     21.26  HENRY -v7.50 -vb47 -vi7 -vt3 
 
NFL Blitz 2000 Video Game (c) 1999 Midway Games -  (08/20/99 22:32:01) page 3


Summary

Total Average Bitrate:  23.7 kbits/sec
Total Time:             0:12.810 minutes
Total Number of .CMP's: 15
Total Size of .CMP's:    37.09 kbytes
