NFL Blitz 2000 Video Game (c) 1999 Midway Games -  (08/20/99 22:36:23) page 1

PLBUILD version 3.0G

Bank Information
----------------

Bank name: CHARGERS.BNK

Size of .BNK file including header: 47076 bytes ($B7E4 bytes)

Size of playlist table: 84 bytes ($54 bytes)

Size of playlist and sound data only: 46858 bytes ($B70A bytes)

Checksum: $19F3

Total number of playlists: 15 ($F)

Total number of sound files: 15 ($F)

Average bit rate for bank: 24.5 kbits/sec

Total linear amount of sound: 0:15.222 (min:sec.msec)



Playlist Table

  Dec  Hex   # Trks  Video  Pinball  Description
  ---- ----- ------ ------- -------  -----------
  0    $0000   1       48.6    55.7  TK: San Diego ... (down by - leads by - etc.)
  1    $0001   1       72.0    82.6  TK: The Chargers ... (down by - lead by - etc.)
  2    $0002   1       88.3   101.3  TK: The San Diego Chargers ... (first position)
  3    $0003   1      119.3   136.8  TK: ... the San Diego Chargers (second position)

  10   $000a   1       33.9    38.9  TK: QB Normal (Harbaugh)
  11   $000b   1       31.8    36.5  TK: Weapon #1 Normal (Graham)
  12   $000c   1       35.2    40.3  TK: Weapon #2 Normal (Means)
  13   $000d   1       37.3    42.7  TK: Weapon #3 Normal (Jones)
  14   $000e   1       42.7    49.0  TK: "to" Weapon #1 (Graham)
  15   $000f   1       41.4    47.5  TK: "to" Weapon #2 (Means)
  16   $0010   1       45.2    51.8  TK: "to" Weapon #3 (Jones)
  17   $0011   1       52.7    60.5  TK: QB Pumped up (Harbaugh)
  18   $0012   1       65.3    74.9  TK: Weapon #1 Pumped up (Graham)
  19   $0013   1       50.6    58.1  TK: Weapon #2 Pumped up (Means)
  20   $0014   1       66.1    75.8  TK: Weapon #3 Pumped up (Jones)

Total 15 Playlists
 
NFL Blitz 2000 Video Game (c) 1999 Midway Games -  (08/20/99 22:36:23) page 2


Region Table 

File         Size      Length   Length    Bitrate   Compression
Name         bytes     frames   seconds   kbit/sec  Parameters
-----------  --------  -------  --------  --------  -----------
TKCHRGS1         2960      171  0:01.313     18.03  HENRY -v6.75 -vb47 -vi7 -vt1 
TKSANDG1         2910      115  0:00.883     26.36  HENRY -v6.75 -vb47 -vi7 -vt1 
TKSDCHG1         5560      211  0:01.620     27.45  HENRY -v6.75 -vb47 -vi7 -vt1 
TKSDCHG2         7144      285  0:02.189     26.11  HENRY -v6.75 -vb47 -vi7 -vt1 
TKTM22P1         3830      156  0:01.198     25.57  HENRY -v7.50 -vb47 -vi7 -vt3 
TKTM22P2         3230      121  0:00.929     27.81  HENRY -v7.50 -vb47 -vi7 -vt3 
TKTM22P3         3358      158  0:01.213     22.14  HENRY -v7.50 -vb47 -vi7 -vt3 
TKTM22Q1         2064       81  0:00.622     26.54  HENRY -v7.50 -vb47 -vi7 -vt3 
TKTM22Q2         3548      126  0:00.968     29.33  HENRY -v7.50 -vb47 -vi7 -vt3 
TKTM22T1         2082      102  0:00.783     21.26  HENRY -v7.50 -vb47 -vi7 -vt3 
TKTM22T2         2476       99  0:00.760     26.05  HENRY -v7.50 -vb47 -vi7 -vt3 
TKTM22T3         2368      108  0:00.829     22.84  HENRY -v7.50 -vb47 -vi7 -vt3 
TKTM22W1         1458       76  0:00.584     19.98  HENRY -v7.50 -vb47 -vi7 -vt3 
TKTM22W2         1836       84  0:00.645     22.77  HENRY -v7.50 -vb47 -vi7 -vt3 
TKTM22W3         1724       89  0:00.684     20.18  HENRY -v7.50 -vb47 -vi7 -vt3 
 
NFL Blitz 2000 Video Game (c) 1999 Midway Games -  (08/20/99 22:36:23) page 3


Summary

Total Average Bitrate:  24.5 kbits/sec
Total Time:             0:15.222 minutes
Total Number of .CMP's: 15
Total Size of .CMP's:    45.46 kbytes
