NFL Blitz 2000 Video Game (c) 1999 Midway Games -  (08/17/99 15:12:22) page 1

PLBUILD version 3.0G

Bank Information
----------------

Bank name: CHIEFS.BNK

Size of .BNK file including header: 41672 bytes ($A2C8 bytes)

Size of playlist table: 84 bytes ($54 bytes)

Size of playlist and sound data only: 41454 bytes ($A1EE bytes)

Checksum: $B95E

Total number of playlists: 15 ($F)

Total number of sound files: 15 ($F)

Average bit rate for bank: 24.3 kbits/sec

Total linear amount of sound: 0:13.548 (min:sec.msec)



Playlist Table

  Dec  Hex   # Trks  Video  Pinball  Description
  ---- ----- ------ ------- -------  -----------
  0    $0000   1       52.3    60.0  TK: Kansas City ... (down by - leads by - etc.)
  1    $0001   1       38.9    44.6  TK: The Chiefs ... (down by - lead by - etc.)
  2    $0002   1       82.0    94.1  TK: The Kansas City Chiefs ... (first position)
  3    $0003   1       95.9   109.9  TK: ... the Kansas City Chiefs (second position)

  10   $000a   1       33.1    37.9  TK: QB Normal (Grbac)
  11   $000b   1       35.6    40.8  TK: Weapon #1 Normal (Morris)
  12   $000c   1       42.7    49.0  TK: Weapon #2 Normal (Gonzalez)
  13   $000d   1       38.5    44.2  TK: Weapon #3 Normal (Rison)
  14   $000e   1       38.5    44.2  TK: "to" Weapon #1 (Morris)
  15   $000f   1       49.0    56.2  TK: "to" Weapon #2 (Gonzalez)
  16   $0010   1       43.5    49.9  TK: "to" Weapon #3 (Rison)
  17   $0011   1       28.9    33.1  TK: QB Pumped up (Grbac)
  18   $0012   1       44.4    50.9  TK: Weapon #1 Pumped up (Morris)
  19   $0013   1       64.0    73.4  TK: Weapon #2 Pumped up (Gonzalez)
  20   $0014   1       51.9    59.5  TK: Weapon #3 Pumped up (Rison)

Total 15 Playlists
 
NFL Blitz 2000 Video Game (c) 1999 Midway Games -  (08/17/99 15:12:22) page 2


Region Table 

File         Size      Length   Length    Bitrate   Compression
Name         bytes     frames   seconds   kbit/sec  Parameters
-----------  --------  -------  --------  --------  -----------
TKCHIEF1         1920       92  0:00.707     21.74  HENRY -v6.75 -vb47 -vi7 -vt1 
TKKCCHF1         4532      196  0:01.505     24.09  HENRY -v6.75 -vb47 -vi7 -vt1 
TKKCCHF2         5396      229  0:01.759     24.55  HENRY -v6.75 -vb47 -vi7 -vt1 
TKKNSCT1         2856      124  0:00.952     23.99  HENRY -v6.75 -vb47 -vi7 -vt1 
TKTM23P1         2718      106  0:00.814     26.71  HENRY -v7.50 -vb47 -vi7 -vt3 
TKTM23P2         3508      153  0:01.175     23.88  HENRY -v7.50 -vb47 -vi7 -vt3 
TKTM23P3         2932      124  0:00.952     24.63  HENRY -v7.50 -vb47 -vi7 -vt3 
TKTM23Q1         1686       79  0:00.607     22.23  HENRY -v7.50 -vb47 -vi7 -vt3 
TKTM23Q2         1722       69  0:00.530     26.00  HENRY -v7.50 -vb47 -vi7 -vt3 
TKTM23T1         2466       92  0:00.707     27.92  HENRY -v7.50 -vb47 -vi7 -vt3 
TKTM23T2         2764      117  0:00.899     24.61  HENRY -v7.50 -vb47 -vi7 -vt3 
TKTM23T3         2410      104  0:00.799     24.14  HENRY -v7.50 -vb47 -vi7 -vt3 
TKTM23W1         2126       85  0:00.653     26.05  HENRY -v7.50 -vb47 -vi7 -vt3 
TKTM23W2         2242      102  0:00.783     22.90  HENRY -v7.50 -vb47 -vi7 -vt3 
TKTM23W3         1866       92  0:00.707     21.13  HENRY -v7.50 -vb47 -vi7 -vt3 
 
NFL Blitz 2000 Video Game (c) 1999 Midway Games -  (08/17/99 15:12:22) page 3


Summary

Total Average Bitrate:  24.3 kbits/sec
Total Time:             0:13.548 minutes
Total Number of .CMP's: 15
Total Size of .CMP's:    40.18 kbytes
