NFL Blitz 2000 Video Game (c) 1999 Midway Games -  (08/17/99 15:12:24) page 1

PLBUILD version 3.0G

Bank Information
----------------

Bank name: COLTS.BNK

Size of .BNK file including header: 40750 bytes ($9F2E bytes)

Size of playlist table: 84 bytes ($54 bytes)

Size of playlist and sound data only: 40532 bytes ($9E54 bytes)

Checksum: $C9D1

Total number of playlists: 15 ($F)

Total number of sound files: 15 ($F)

Average bit rate for bank: 23.6 kbits/sec

Total linear amount of sound: 0:13.640 (min:sec.msec)



Playlist Table

  Dec  Hex   # Trks  Video  Pinball  Description
  ---- ----- ------ ------- -------  -----------
  0    $0000   1       47.3    54.2  TK: Indianapolis ... (down by - leads by - etc.)
  1    $0001   1       41.0    47.0  TK: The Colts ... (down by - lead by - etc.)
  2    $0002   1       80.4    92.2  TK: The Indianapolis Colts ... (first position)
  3    $0003   1       91.2   104.6  TK: ... the Indianapolis Colts (second position)

  10   $000a   1       36.0    41.3  TK: QB Normal (Manning)
  11   $000b   1       39.3    45.1  TK: Weapon #1 Normal (James)
  12   $000c   1       39.3    45.1  TK: Weapon #2 Normal (Harrison)
  13   $000d   1       31.8    36.5  TK: Weapon #3 Normal (Dilger)
  14   $000e   1       41.9    48.0  TK: "to" Weapon #1 (James)
  15   $000f   1       48.6    55.7  TK: "to" Weapon #2 (Harrison)
  16   $0010   1       41.4    47.5  TK: "to" Weapon #3 (Dilger)
  17   $0011   1       40.2    46.1  TK: QB Pumped up (Manning)
  18   $0012   1       54.8    62.9  TK: Weapon #1 Pumped up (James)
  19   $0013   1       59.9    68.6  TK: Weapon #2 Pumped up (Harrison)
  20   $0014   1       51.1    58.6  TK: Weapon #3 Pumped up (Dilger)

Total 15 Playlists
 
NFL Blitz 2000 Video Game (c) 1999 Midway Games -  (08/17/99 15:12:24) page 2


Region Table 

File         Size      Length   Length    Bitrate   Compression
Name         bytes     frames   seconds   kbit/sec  Parameters
-----------  --------  -------  --------  --------  -----------
TKCOLTS1         1888       97  0:00.745     20.27  HENRY -v6.75 -vb47 -vi7 -vt1 
TKINDY1          2462      112  0:00.860     22.90  HENRY -v6.75 -vb47 -vi7 -vt1 
TKINDYC1         4820      192  0:01.475     26.15  HENRY -v6.75 -vb47 -vi7 -vt1 
TKINDYC2         5010      218  0:01.674     23.94  HENRY -v6.75 -vb47 -vi7 -vt1 
TKTM27P1         3026      131  0:01.006     24.06  HENRY -v7.50 -vb47 -vi7 -vt3 
TKTM27P2         3294      143  0:01.098     23.99  HENRY -v7.50 -vb47 -vi7 -vt3 
TKTM27P3         2740      122  0:00.937     23.39  HENRY -v7.50 -vb47 -vi7 -vt3 
TKTM27Q1         1680       86  0:00.660     20.35  HENRY -v7.50 -vb47 -vi7 -vt3 
TKTM27Q2         2288       96  0:00.737     24.83  HENRY -v7.50 -vb47 -vi7 -vt3 
TKTM27T1         2396      100  0:00.768     24.96  HENRY -v7.50 -vb47 -vi7 -vt3 
TKTM27T2         2348      116  0:00.891     21.08  HENRY -v7.50 -vb47 -vi7 -vt3 
TKTM27T3         2266       99  0:00.760     23.84  HENRY -v7.50 -vb47 -vi7 -vt3 
TKTM27W1         2254       94  0:00.722     24.98  HENRY -v7.50 -vb47 -vi7 -vt3 
TKTM27W2         2050       94  0:00.722     22.72  HENRY -v7.50 -vb47 -vi7 -vt3 
TKTM27W3         1700       76  0:00.584     23.30  HENRY -v7.50 -vb47 -vi7 -vt3 
 
NFL Blitz 2000 Video Game (c) 1999 Midway Games -  (08/17/99 15:12:24) page 3


Summary

Total Average Bitrate:  23.6 kbits/sec
Total Time:             0:13.640 minutes
Total Number of .CMP's: 15
Total Size of .CMP's:    39.28 kbytes
