NFL Blitz 2000 Video Game (c) 1999 Midway Games -  (08/17/99 15:12:28) page 1

PLBUILD version 3.0G

Bank Information
----------------

Bank name: DOLPHINS.BNK

Size of .BNK file including header: 40408 bytes ($9DD8 bytes)

Size of playlist table: 84 bytes ($54 bytes)

Size of playlist and sound data only: 40190 bytes ($9CFE bytes)

Checksum: $B9D5

Total number of playlists: 15 ($F)

Total number of sound files: 15 ($F)

Average bit rate for bank: 23.6 kbits/sec

Total linear amount of sound: 0:13.524 (min:sec.msec)



Playlist Table

  Dec  Hex   # Trks  Video  Pinball  Description
  ---- ----- ------ ------- -------  -----------
  0    $0000   1       38.5    44.2  TK: Miami ... (down by - leads by - etc.)
  1    $0001   1       47.3    54.2  TK: The Dolphins ... (down by - lead by - etc.)
  2    $0002   1       85.4    97.9  TK: The Miami Dolphins ... (first position)
  3    $0003   1       93.3   107.0  TK: ... the Miami Dolphins (second position)

  10   $000a   1       42.7    49.0  TK: QB Normal (Marino)
  11   $000b   1       36.8    42.2  TK: Weapon #1 Normal (Jabbar)
  12   $000c   1       30.1    34.6  TK: Weapon #2 Normal (Martin)
  13   $000d   1       42.3    48.5  TK: Weapon #3 Normal (McDuffie)
  14   $000e   1       51.5    59.0  TK: "to" Weapon #1 (Jabbar)
  15   $000f   1       35.6    40.8  TK: "to" Weapon #2 (Martin)
  16   $0010   1       46.0    52.8  TK: "to" Weapon #3 (McDuffie)
  17   $0011   1       43.5    49.9  TK: QB Pumped up (Marino)
  18   $0012   1       46.9    53.8  TK: Weapon #1 Pumped up (Jabbar)
  19   $0013   1       43.5    49.9  TK: Weapon #2 Pumped up (Martin)
  20   $0014   1       54.4    62.4  TK: Weapon #3 Pumped up (McDuffie)

Total 15 Playlists
 
NFL Blitz 2000 Video Game (c) 1999 Midway Games -  (08/17/99 15:12:28) page 2


Region Table 

File         Size      Length   Length    Bitrate   Compression
Name         bytes     frames   seconds   kbit/sec  Parameters
-----------  --------  -------  --------  --------  -----------
TKDLPHN1         2344      112  0:00.860     21.80  HENRY -v6.75 -vb47 -vi7 -vt1 
TKMIADP1         5004      204  0:01.567     25.55  HENRY -v6.75 -vb47 -vi7 -vt1 
TKMIADP2         5428      223  0:01.713     25.36  HENRY -v6.75 -vb47 -vi7 -vt1 
TKMIAMI1         2134       91  0:00.699     24.43  HENRY -v6.75 -vb47 -vi7 -vt1 
TKTM28P1         2724      112  0:00.860     25.33  HENRY -v7.50 -vb47 -vi7 -vt3 
TKTM28P2         2424      104  0:00.799     24.28  HENRY -v7.50 -vb47 -vi7 -vt3 
TKTM28P3         2900      130  0:00.998     23.24  HENRY -v7.50 -vb47 -vi7 -vt3 
TKTM28Q1         2364      102  0:00.783     24.14  HENRY -v7.50 -vb47 -vi7 -vt3 
TKTM28Q2         2508      104  0:00.799     25.12  HENRY -v7.50 -vb47 -vi7 -vt3 
TKTM28T1         2866      123  0:00.945     24.27  HENRY -v7.50 -vb47 -vi7 -vt3 
TKTM28T2         1866       85  0:00.653     22.87  HENRY -v7.50 -vb47 -vi7 -vt3 
TKTM28T3         2134      110  0:00.845     20.21  HENRY -v7.50 -vb47 -vi7 -vt3 
TKTM28W1         1904       88  0:00.676     22.54  HENRY -v7.50 -vb47 -vi7 -vt3 
TKTM28W2         1376       72  0:00.553     19.91  HENRY -v7.50 -vb47 -vi7 -vt3 
TKTM28W3         1904      101  0:00.776     19.64  HENRY -v7.50 -vb47 -vi7 -vt3 
 
NFL Blitz 2000 Video Game (c) 1999 Midway Games -  (08/17/99 15:12:28) page 3


Summary

Total Average Bitrate:  23.6 kbits/sec
Total Time:             0:13.524 minutes
Total Number of .CMP's: 15
Total Size of .CMP's:    38.95 kbytes
