NFL Blitz 2000 Video Game (c) 1999 Midway Games -  (08/20/99 22:47:57) page 1

PLBUILD version 3.0G

Bank Information
----------------

Bank name: EAGLES.BNK

Size of .BNK file including header: 44952 bytes ($AF98 bytes)

Size of playlist table: 84 bytes ($54 bytes)

Size of playlist and sound data only: 44734 bytes ($AEBE bytes)

Checksum: $CFB0

Total number of playlists: 15 ($F)

Total number of sound files: 15 ($F)

Average bit rate for bank: 24.6 kbits/sec

Total linear amount of sound: 0:14.438 (min:sec.msec)



Playlist Table

  Dec  Hex   # Trks  Video  Pinball  Description
  ---- ----- ------ ------- -------  -----------
  0    $0000   1       47.7    54.7  TK: Philadelphia ... (down by - leads by - etc.)
  1    $0001   1       48.1    55.2  TK: The Eagles ... (down by - lead by - etc.)
  2    $0002   1       91.2   104.6  TK: The Philadelphia Eagles ... (first position)
  3    $0003   1       98.8   113.3  TK: ... the Philadelphia Eagles (second position)

  10   $000a   1       40.2    46.1  TK: QB Normal (McNabb)
  11   $000b   1       36.0    41.3  TK: Weapon #1 Normal (Staley)
  12   $000c   1       37.7    43.2  TK: Weapon #2 Normal (Johnson)
  13   $000d   1       32.6    37.4  TK: Weapon #3 Normal (Small)
  14   $000e   1       44.4    50.9  TK: "to" Weapon #1 (Staley)
  15   $000f   1       45.2    51.8  TK: "to" Weapon #2 (Johnson)
  16   $0010   1       42.7    49.0  TK: "to" Weapon #3 (Small)
  17   $0011   1       49.8    57.1  TK: QB Pumped up (McNabb)
  18   $0012   1       66.1    75.8  TK: Weapon #1 Pumped up (Staley)
  19   $0013   1       57.3    65.8  TK: Weapon #2 Pumped up (Johnson)
  20   $0014   1       49.8    57.1  TK: Weapon #3 Pumped up (Small)

Total 15 Playlists
 
NFL Blitz 2000 Video Game (c) 1999 Midway Games -  (08/20/99 22:47:57) page 2


Region Table 

File         Size      Length   Length    Bitrate   Compression
Name         bytes     frames   seconds   kbit/sec  Parameters
-----------  --------  -------  --------  --------  -----------
TKEAGLS1         2446      114  0:00.876     22.35  HENRY -v6.75 -vb47 -vi7 -vt1 
TKPHEGL1         5448      218  0:01.674     26.03  HENRY -v6.75 -vb47 -vi7 -vt1 
TKPHEGL2         5408      236  0:01.812     23.87  HENRY -v6.75 -vb47 -vi7 -vt1 
TKPHILD1         2784      113  0:00.868     25.66  HENRY -v6.75 -vb47 -vi7 -vt1 
TKTM13P1         3656      158  0:01.213     24.10  HENRY -v7.50 -vb47 -vi7 -vt3 
TKTM13P2         3616      137  0:01.052     27.49  HENRY -v7.50 -vb47 -vi7 -vt3 
TKTM13P3         3152      119  0:00.914     27.59  HENRY -v7.50 -vb47 -vi7 -vt3 
TKTM13Q1         1998       96  0:00.737     21.68  HENRY -v7.50 -vb47 -vi7 -vt3 
TKTM13Q2         3030      119  0:00.914     26.52  HENRY -v7.50 -vb47 -vi7 -vt3 
TKTM13T1         2258      106  0:00.814     22.19  HENRY -v7.50 -vb47 -vi7 -vt3 
TKTM13T2         2612      108  0:00.829     25.19  HENRY -v7.50 -vb47 -vi7 -vt3 
TKTM13T3         2418      102  0:00.783     24.69  HENRY -v7.50 -vb47 -vi7 -vt3 
TKTM13W1         1794       86  0:00.660     21.73  HENRY -v7.50 -vb47 -vi7 -vt3 
TKTM13W2         2120       90  0:00.691     24.54  HENRY -v7.50 -vb47 -vi7 -vt3 
TKTM13W3         1684       78  0:00.599     22.49  HENRY -v7.50 -vb47 -vi7 -vt3 
 
NFL Blitz 2000 Video Game (c) 1999 Midway Games -  (08/20/99 22:47:57) page 3


Summary

Total Average Bitrate:  24.6 kbits/sec
Total Time:             0:14.438 minutes
Total Number of .CMP's: 15
Total Size of .CMP's:    43.38 kbytes
