NFL Blitz 2000 Video Game (c) 1999 Midway Games -  (08/17/99 15:12:31) page 1

PLBUILD version 3.0G

Bank Information
----------------

Bank name: FALCONS.BNK

Size of .BNK file including header: 43112 bytes ($A868 bytes)

Size of playlist table: 84 bytes ($54 bytes)

Size of playlist and sound data only: 42894 bytes ($A78E bytes)

Checksum: $76F4

Total number of playlists: 15 ($F)

Total number of sound files: 15 ($F)

Average bit rate for bank: 25.0 kbits/sec

Total linear amount of sound: 0:13.609 (min:sec.msec)



Playlist Table

  Dec  Hex   # Trks  Video  Pinball  Description
  ---- ----- ------ ------- -------  -----------
  0    $0000   1       39.8    45.6  TK: Atlanta Falcons ... (down by - lead by - etc.)
  1    $0001   1       35.2    40.3  TK: The Falcons ... (down by - lead by - etc.)
  2    $0002   1       77.9    89.3  TK: The Atlanta Falcons ... (first position)
  3    $0003   1       79.9    91.7  TK: ... the Atlanta Falcons (second position)

  10   $000a   1       34.7    39.8  TK: QB Normal (Chandler)
  11   $000b   1       37.7    43.2  TK: Weapon #1 Normal (Calloway)
  12   $000c   1       42.7    49.0  TK: Weapon #2 Normal (Anderson)
  13   $000d   1       37.7    43.2  TK: Weapon #3 Normal (Mathis)
  14   $000e   1       49.4    56.6  TK: "to" Weapon #1 (Calloway)
  15   $000f   1       52.7    60.5  TK: "to" Weapon #2 (Anderson)
  16   $0010   1       41.0    47.0  TK: "to" Weapon #3 (Mathis)
  17   $0011   1       42.7    49.0  TK: QB Pumped up (Chandler)
  18   $0012   1       61.5    70.6  TK: Weapon #1 Pumped up (Calloway)
  19   $0013   1       60.7    69.6  TK: Weapon #2 Pumped up (Anderson)
  20   $0014   1       48.6    55.7  TK: Weapon #3 Pumped up (Mathis)

Total 15 Playlists
 
NFL Blitz 2000 Video Game (c) 1999 Midway Games -  (08/17/99 15:12:31) page 2


Region Table 

File         Size      Length   Length    Bitrate   Compression
Name         bytes     frames   seconds   kbit/sec  Parameters
-----------  --------  -------  --------  --------  -----------
TKATLFC1         4764      186  0:01.428     26.68  HENRY -v6.75 -vb47 -vi7 -vt1 
TKATLFC2         4346      191  0:01.467     23.70  HENRY -v6.75 -vb47 -vi7 -vt1 
TKATLNT1         2550       95  0:00.730     27.96  HENRY -v6.75 -vb47 -vi7 -vt1 
TKFLCNS1         1914       83  0:00.637     24.02  HENRY -v6.75 -vb47 -vi7 -vt1 
TKTM6P1          4092      147  0:01.129     29.00  HENRY -v7.50 -vb47 -vi7 -vt3 
TKTM6P2          3602      145  0:01.114     25.88  HENRY -v7.50 -vb47 -vi7 -vt3 
TKTM6P3          2276      116  0:00.891     20.44  HENRY -v7.50 -vb47 -vi7 -vt3 
TKTM6Q1          1860       83  0:00.637     23.34  HENRY -v7.50 -vb47 -vi7 -vt3 
TKTM6Q2          2550      102  0:00.783     26.04  HENRY -v7.50 -vb47 -vi7 -vt3 
TKTM6T1          3044      118  0:00.906     26.87  HENRY -v7.50 -vb47 -vi7 -vt3 
TKTM6T2          2824      126  0:00.968     23.35  HENRY -v7.50 -vb47 -vi7 -vt3 
TKTM6T3          2214       98  0:00.753     23.53  HENRY -v7.50 -vb47 -vi7 -vt3 
TKTM6W1          2480       90  0:00.691     28.70  HENRY -v7.50 -vb47 -vi7 -vt3 
TKTM6W2          2332      102  0:00.783     23.82  HENRY -v7.50 -vb47 -vi7 -vt3 
TKTM6W3          1736       90  0:00.691     20.09  HENRY -v7.50 -vb47 -vi7 -vt3 
 
NFL Blitz 2000 Video Game (c) 1999 Midway Games -  (08/17/99 15:12:31) page 3


Summary

Total Average Bitrate:  25.0 kbits/sec
Total Time:             0:13.609 minutes
Total Number of .CMP's: 15
Total Size of .CMP's:    41.59 kbytes
