NFL Football Video Game (c) 1997 Midway Games - DW (10/06/97 02:02:21) page 1

PLBUILD version 3.0G

Bank Information
----------------

Bank name: FORDEN.BNK

Size of .BNK file including header: 3362 bytes ($D22 bytes)

Size of playlist table: 8 bytes ($8 bytes)

Size of playlist and sound data only: 3220 bytes ($C94 bytes)

Checksum: $8671

Total number of playlists: 2 ($2)

Total number of sound files: 2 ($2)

Average bit rate for bank: 24.6 kbits/sec

Total linear amount of sound: 0:01.037 (min:sec.msec)



Playlist Table

  Dec  Hex   # Trks  Video  Pinball  Description
  ---- ----- ------ ------- -------  -----------
  0    $0000   1       28.5    32.6  TK: Forden ... #1
  1    $0001   1       28.0    32.2  TK: Forden ... #2 

Total 2 Playlists
 
NFL Football Video Game (c) 1997 Midway Games - DW (10/06/97 02:02:21) page 2


Region Table 

File         Size      Length   Length    Bitrate   Compression
Name         bytes     frames   seconds   kbit/sec  Parameters
-----------  --------  -------  --------  --------  -----------
TMFRDEN1         1516       68  0:00.522     23.22  HENRY -v6.75 -vb47 -vi7 -vt1 
TMFRDEN2         1668       67  0:00.515     25.93  HENRY -v6.75 -vb47 -vi7 -vt1 
 
NFL Football Video Game (c) 1997 Midway Games - DW (10/06/97 02:02:21) page 3


Summary

Total Average Bitrate:  24.6 kbits/sec
Total Time:             0:01.037 minutes
Total Number of .CMP's: 2
Total Size of .CMP's:     3.11 kbytes
