NFL Blitz 2000 Video Game (c) 1999 Midway Games -  (09/14/99 12:14:32) page 1

PLBUILD version 3.0G

Bank Information
----------------

Bank name: GAMEOVER.BNK

Size of .BNK file including header: 300630 bytes ($49656 bytes)

Size of playlist table: 4 bytes ($4 bytes)

Size of playlist and sound data only: 300492 bytes ($495CC bytes)

Checksum: $348B

Total number of playlists: 1 ($1)

Total number of sound files: 7 ($7)

Average bit rate for bank: 82.5 kbits/sec

Total linear amount of sound: 0:29.115 (min:sec.msec)



Playlist Table

  Dec  Hex   # Trks  Video  Pinball  Description
  ---- ----- ------ ------- -------  -----------
  0    $0000   1          -       -  Game over Final Stats Music

Total 1 Playlists
 
NFL Blitz 2000 Video Game (c) 1999 Midway Games -  (09/14/99 12:14:32) page 2


Region Table 

File         Size      Length   Length    Bitrate   Compression
Name         bytes     frames   seconds   kbit/sec  Parameters
-----------  --------  -------  --------  --------  -----------
WINALL1         57886      712  0:05.468     84.69  HENRY -v3.75 -vb95 -vi7 -vr79 -vt0 
WINALL2         18512      235  0:01.805     82.06  HENRY -v3.75 -vb95 -vi7 -vr79 -vt0 
WINALL3         37306      475  0:03.648     81.81  HENRY -v3.75 -vb95 -vi7 -vr79 -vt0 
WINALL4         19050      237  0:01.820     83.73  HENRY -v3.75 -vb95 -vi7 -vr79 -vt0 
WINALL5         74644      948  0:07.281     82.02  HENRY -v3.75 -vb95 -vi7 -vr79 -vt0 
WINALL6         18934      236  0:01.812     83.57  HENRY -v3.75 -vb95 -vi7 -vr79 -vt0 
WINALL7         74002      948  0:07.281     81.31  HENRY -v3.75 -vb95 -vi7 -vr79 -vt0 
 
NFL Blitz 2000 Video Game (c) 1999 Midway Games -  (09/14/99 12:14:32) page 3


Summary

Total Average Bitrate:  82.5 kbits/sec
Total Time:             0:29.115 minutes
Total Number of .CMP's: 7
Total Size of .CMP's:   293.29 kbytes
