NFL Blitz 2000 Video Game (c) 1999 Midway Games -  (09/11/99 22:15:01) page 1

PLBUILD version 3.0G

Bank Information
----------------

Bank name: GENERIC.BNK

Size of .BNK file including header: 330374 bytes ($50A86 bytes)

Size of playlist table: 160 bytes ($A0 bytes)

Size of playlist and sound data only: 330080 bytes ($50960 bytes)

Checksum: $E8A4

Total number of playlists: 36 ($24)

Total number of sound files: 32 ($20)

Average bit rate for bank: 35.8 kbits/sec

Total linear amount of sound: 1:13.567 (min:sec.msec)



Playlist Table

  Dec  Hex   # Trks  Video  Pinball  Description
  ---- ----- ------ ------- -------  -----------
  1    $0001   1          -       -  FX: Crowd Loop #1 (infinite)
  2    $0002   1          -       -  FX: Crowd Loop #2 (infinite)
  3    $0003   1          -       -  FX: Crowd Loop #3 (infinite)
  4    $0004   1      159.5   182.9  FX: Crowd Loop #1 (1x)
  5    $0005   1       72.4    83.0  FX: Crowd Loop #2 (1x)
  6    $0006   1      151.5   173.8  FX: Crowd Loop #3 (1x)
  7    $0007   1          -       -  FX: Crowd Loops 1 and 2 (infinite)
  8    $0008   1          -       -  FX: Crowd Loops 2 and 3 (infinite)
  9    $0009   1          -       -  FX: Crowd Loops 1 and 3 (infinite)
  10   $000a   1          -       -  FX: Crowd Loops 1, 2 and 3 (infinite)
  11   $000b   1      208.4   239.0  FX: Crowd Cheer Swell #1
  12   $000c   1      182.9   209.8  FX: Crowd Cheer Swell #2
  13   $000d   1      318.9   365.8  FX: Crowd Booing #1
  14   $000e   1      354.5   406.6  FX: Crowd Booing #2
  15   $000f   1      321.0   368.2  Orchestral Main Play End of Quarter Hit
  16   $0010   1          -       -  Coaching Tip Groove - versus page version
  17   $0011   1          -       -  Quarter Ending Trans to Coaching Tip Groove

  19   $0013   1          -       -  FX: Extra Point Groove
  20   $0014   1      272.5   312.5  FX: Crowd - Go Team Go (3x w/ fade)
  21   $0015   1      346.1   397.0  FX: Crowd - New Defense (3x w/ fade)
  22   $0016   1      254.9   292.3  FX: Crowd - Dum dum Bah (3x w/ fade)

  25   $0019   1       74.1    85.0  Stadium Voice: 1st down
  26   $001a   1       69.1    79.2  Stadium Voice: 2nd down
  27   $001b   1       77.0    88.3  Stadium Voice: 1st down
  28   $001c   1       78.3    89.8  Stadium Voice: 2nd down
  29   $001d   1       84.5    97.0  Stadium Voice: 1st and 30
  30   $001e   1       96.7   110.9  Stadium Voice: 2nd and short
 
NFL Blitz 2000 Video Game (c) 1999 Midway Games -  (09/11/99 22:15:01) page 2


Playlist Table (continued)

  Dec  Hex   # Trks  Video  Pinball  Description
  ---- ----- ------ ------- -------  -----------
  31   $001f   1       87.5   100.3  Stadium Voice: 2nd and long
  32   $0020   1      102.1   117.1  Stadium Voice: 3rd and short
  33   $0021   1       91.2   104.6  Stadium Voice: 3rd and long
  34   $0022   1       94.6   108.5  Stadium Voice: 4th and short
  35   $0023   1      103.4   118.6  Stadium Voice: 4th and long
  36   $0024   1      102.5   117.6  Stadium Voice: 1st and goal
  37   $0025   1       98.4   112.8  Stadium Voice: 2nd and goal
  38   $0026   1       97.9   112.3  Stadium Voice: 3rd and goal
  39   $0027   1      118.5   135.8  Stadium Voice: 4th and goal

Total 36 Playlists
 
NFL Blitz 2000 Video Game (c) 1999 Midway Games -  (09/11/99 22:15:01) page 3


Region Table 

File         Size      Length   Length    Bitrate   Compression
Name         bytes     frames   seconds   kbit/sec  Parameters
-----------  --------  -------  --------  --------  -----------
BOO1            19630      762  0:05.852     26.83  HENRY -v7.50 -vb47 -vi7 -vt3 
BOO2            22816      846  0:06.497     28.09  HENRY -v7.50 -vb47 -vi7 -vt3 
CROWDLP1         7220      381  0:02.926     19.74  HENRY -v8.00 -vb47 -vi7 -vt3 
CROWDLP2         3412      173  0:01.329     20.54  HENRY -v8.00 -vb47 -vi7 -vt3 
CROWDLP3         7302      362  0:02.780     21.01  HENRY -v8.00 -vb47 -vi7 -vt3 
DOODOOBA         9864      202  0:01.551     50.87  HENRY -v5.00 -vb63 -vi7 -vr47 -vt1 
EOQNEW          55582      766  0:05.883     75.58  HENRY -v3.75 -vb95 -vi7 -vr79 -vt0 
EPGRUV0          5194       63  0:00.484     85.88  HENRY -v4.00 -vb95 -vi7 -vr79 -vt0 
EPGRUV1         35706      486  0:03.732     76.53  HENRY -v4.00 -vb95 -vi7 -vr79 -vt0 
GOTEAMGO         9500      216  0:01.659     45.81  HENRY -v6.00 -vb79 -vi7 -vt3 
NUDEFENS        13554      273  0:02.097     51.72  HENRY -v5.00 -vb63 -vi7 -vr47 -vt1 
STDA1GOL         3100      245  0:01.882     13.18  HENRY -v8.00 -vb63 -vi7 -vr47 -vt3 
STDA1N30         2494      202  0:01.551     12.86  HENRY -v8.00 -vb63 -vi7 -vr47 -vt3 
STDA1STD         2396      177  0:01.359     14.10  HENRY -v8.00 -vb63 -vi7 -vr47 -vt3 
STDA2GOL         3256      235  0:01.805     14.43  HENRY -v8.00 -vb63 -vi7 -vr47 -vt3 
STDA2LNG         2988      209  0:01.605     14.89  HENRY -v8.00 -vb63 -vi7 -vr47 -vt3 
STDA2NDD         2384      165  0:01.267     15.05  HENRY -v8.00 -vb63 -vi7 -vr47 -vt3 
STDA2SHT         3446      231  0:01.774     15.54  HENRY -v8.00 -vb63 -vi7 -vr47 -vt3 
STDA3GOL         3306      234  0:01.797     14.72  HENRY -v8.00 -vb63 -vi7 -vr47 -vt3 
STDA3LNG         3166      218  0:01.674     15.13  HENRY -v8.00 -vb63 -vi7 -vr47 -vt3 
STDA3RDD         2598      184  0:01.413     14.71  HENRY -v8.00 -vb63 -vi7 -vr47 -vt3 
STDA3SHT         3612      244  0:01.874     15.42  HENRY -v8.00 -vb63 -vi7 -vr47 -vt3 
STDA4GOL         3718      283  0:02.173     13.69  HENRY -v8.00 -vb63 -vi7 -vr47 -vt3 
STDA4LNG         4106      247  0:01.897     17.32  HENRY -v8.00 -vb63 -vi7 -vr47 -vt3 
STDA4SHT         3534      226  0:01.736     16.29  HENRY -v8.00 -vb63 -vi7 -vr47 -vt3 
STDA4THD         2312      187  0:01.436     12.88  HENRY -v8.00 -vb63 -vi7 -vr47 -vt3 
SWELL1          15550      497  0:03.817     32.59  HENRY -v7.50 -vb63 -vi7 -vt3 
SWELL2          14336      436  0:03.348     34.25  HENRY -v7.50 -vb63 -vi7 -vt3 
TIP0             8624      120  0:00.922     74.86  HENRY -v3.75 -vb95 -vi7 -vr79 -vt0 
TIP1            27044      354  0:02.719     79.58  HENRY -v3.75 -vb95 -vi7 -vr79 -vt0 
TIP2             8968      119  0:00.914     78.50  HENRY -v3.75 -vb95 -vi7 -vr79 -vt0 
TIP3            18386      236  0:01.812     81.15  HENRY -v3.75 -vb95 -vi7 -vr79 -vt0 
 
NFL Blitz 2000 Video Game (c) 1999 Midway Games -  (09/11/99 22:15:01) page 4


Summary

Total Average Bitrate:  35.8 kbits/sec
Total Time:             1:13.567 minutes
Total Number of .CMP's: 32
Total Size of .CMP's:   321.39 kbytes
