NFL Football Video Game (c) 1997 Midway Games - DW (10/06/97 02:02:22) page 1

PLBUILD version 3.0G

Bank Information
----------------

Bank name: GENTILE.BNK

Size of .BNK file including header: 5524 bytes ($1594 bytes)

Size of playlist table: 8 bytes ($8 bytes)

Size of playlist and sound data only: 5382 bytes ($1506 bytes)

Checksum: $3709

Total number of playlists: 2 ($2)

Total number of sound files: 2 ($2)

Average bit rate for bank: 29.2 kbits/sec

Total linear amount of sound: 0:01.467 (min:sec.msec)



Playlist Table

  Dec  Hex   # Trks  Video  Pinball  Description
  ---- ----- ------ ------- -------  -----------
  0    $0000   1       40.6    46.6  TK: Gentile ... #1
  1    $0001   1       39.3    45.1  TK: Gentile ... #2

Total 2 Playlists
 
NFL Football Video Game (c) 1997 Midway Games - DW (10/06/97 02:02:22) page 2


Region Table 

File         Size      Length   Length    Bitrate   Compression
Name         bytes     frames   seconds   kbit/sec  Parameters
-----------  --------  -------  --------  --------  -----------
TMGNTLE1         2728       97  0:00.745     29.30  HENRY -v6.75 -vb47 -vi7 -vt1 
TMGNTLE2         2618       94  0:00.722     29.01  HENRY -v6.75 -vb47 -vi7 -vt1 
 
NFL Football Video Game (c) 1997 Midway Games - DW (10/06/97 02:02:22) page 3


Summary

Total Average Bitrate:  29.2 kbits/sec
Total Time:             0:01.467 minutes
Total Number of .CMP's: 2
Total Size of .CMP's:     5.22 kbytes
