NFL Blitz 2000 Video Game (c) 1999 Midway Games -  (08/20/99 22:51:24) page 1

PLBUILD version 3.0G

Bank Information
----------------

Bank name: GIANTS.BNK

Size of .BNK file including header: 40836 bytes ($9F84 bytes)

Size of playlist table: 84 bytes ($54 bytes)

Size of playlist and sound data only: 40618 bytes ($9EAA bytes)

Checksum: $CB64

Total number of playlists: 15 ($F)

Total number of sound files: 15 ($F)

Average bit rate for bank: 24.5 kbits/sec

Total linear amount of sound: 0:13.156 (min:sec.msec)



Playlist Table

  Dec  Hex   # Trks  Video  Pinball  Description
  ---- ----- ------ ------- -------  -----------
  0    $0000   1       40.2    46.1  TK: New York ... (down by - leads by - etc.)
  1    $0001   1       43.5    49.9  TK: The Giants ... (down by - lead by - etc.)
  2    $0002   1       78.3    89.8  TK: The New York Giants ... (first position)
  3    $0003   1       92.9   106.6  TK: ... the New York Giants (second position)

  10   $000a   1       31.8    36.5  TK: QB Normal (Collins)
  11   $000b   1       35.2    40.3  TK: Weapon #1 Normal (Hilliard)
  12   $000c   1       34.7    39.8  TK: Weapon #2 Normal (Brown)
  13   $000d   1       30.1    34.6  TK: Weapon #3 Normal (Toomer)
  14   $000e   1       35.2    40.3  TK: "to" Weapon #1 (Hilliard)
  15   $000f   1       35.2    40.3  TK: "to" Weapon #2 (Brown)
  16   $0010   1       39.3    45.1  TK: "to" Weapon #3 (Toomer)
  17   $0011   1       64.0    73.4  TK: QB Pumped up (Collins)
  18   $0012   1       45.6    52.3  TK: Weapon #1 Pumped up (Hilliard)
  19   $0013   1       44.4    50.9  TK: Weapon #2 Pumped up (Brown)
  20   $0014   1       67.4    77.3  TK: Weapon #3 Pumped up (Toomer)

Total 15 Playlists
 
NFL Blitz 2000 Video Game (c) 1999 Midway Games -  (08/20/99 22:51:24) page 2


Region Table 

File         Size      Length   Length    Bitrate   Compression
Name         bytes     frames   seconds   kbit/sec  Parameters
-----------  --------  -------  --------  --------  -----------
TKGIANT1         2388      103  0:00.791     24.15  HENRY -v6.75 -vb47 -vi7 -vt1 
TKNYG1           2100       95  0:00.730     23.03  HENRY -v6.75 -vb47 -vi7 -vt1 
TKNYGNT1         4728      187  0:01.436     26.34  HENRY -v6.75 -vb47 -vi7 -vt1 
TKNYGNT2         5156      222  0:01.705     24.19  HENRY -v6.75 -vb47 -vi7 -vt1 
TKTM14P1         3004      109  0:00.837     28.71  HENRY -v7.50 -vb47 -vi7 -vt3 
TKTM14P2         2506      106  0:00.814     24.63  HENRY -v7.50 -vb47 -vi7 -vt3 
TKTM14P3         3780      161  0:01.236     24.46  HENRY -v7.50 -vb47 -vi7 -vt3 
TKTM14Q1         1672       76  0:00.584     22.92  HENRY -v7.50 -vb47 -vi7 -vt3 
TKTM14Q2         3664      153  0:01.175     24.95  HENRY -v7.50 -vb47 -vi7 -vt3 
TKTM14T1         2032       84  0:00.645     25.20  HENRY -v7.50 -vb47 -vi7 -vt3 
TKTM14T2         1874       84  0:00.645     23.24  HENRY -v7.50 -vb47 -vi7 -vt3 
TKTM14T3         2134       94  0:00.722     23.65  HENRY -v7.50 -vb47 -vi7 -vt3 
TKTM14W1         1970       84  0:00.645     24.43  HENRY -v7.50 -vb47 -vi7 -vt3 
TKTM14W2         1752       83  0:00.637     21.99  HENRY -v7.50 -vb47 -vi7 -vt3 
TKTM14W3         1548       72  0:00.553     22.40  HENRY -v7.50 -vb47 -vi7 -vt3 
 
NFL Blitz 2000 Video Game (c) 1999 Midway Games -  (08/20/99 22:51:24) page 3


Summary

Total Average Bitrate:  24.5 kbits/sec
Total Time:             0:13.156 minutes
Total Number of .CMP's: 15
Total Size of .CMP's:    39.36 kbytes
