NFL Football Video Game (c) 1997 Midway Games - DW (10/06/97 02:02:22) page 1

PLBUILD version 3.0G

Bank Information
----------------

Bank name: GILLIAM.BNK

Size of .BNK file including header: 4046 bytes ($FCE bytes)

Size of playlist table: 8 bytes ($8 bytes)

Size of playlist and sound data only: 3904 bytes ($F40 bytes)

Checksum: $F074

Total number of playlists: 2 ($2)

Total number of sound files: 2 ($2)

Average bit rate for bank: 25.8 kbits/sec

Total linear amount of sound: 0:01.198 (min:sec.msec)



Playlist Table

  Dec  Hex   # Trks  Video  Pinball  Description
  ---- ----- ------ ------- -------  -----------
  0    $0000   1       30.6    35.0  TK: Gilliam ... #1
  1    $0001   1       34.7    39.8  TK: Gilliam ... #2

Total 2 Playlists
 
NFL Football Video Game (c) 1997 Midway Games - DW (10/06/97 02:02:22) page 2


Region Table 

File         Size      Length   Length    Bitrate   Compression
Name         bytes     frames   seconds   kbit/sec  Parameters
-----------  --------  -------  --------  --------  -----------
TMGLLIM1         1766       73  0:00.561     25.20  HENRY -v6.75 -vb47 -vi7 -vt1 
TMGLLIM2         2102       83  0:00.637     26.38  HENRY -v6.75 -vb47 -vi7 -vt1 
 
NFL Football Video Game (c) 1997 Midway Games - DW (10/06/97 02:02:22) page 3


Summary

Total Average Bitrate:  25.8 kbits/sec
Total Time:             0:01.198 minutes
Total Number of .CMP's: 2
Total Size of .CMP's:     3.78 kbytes
