NFL Blitz 2000 Video Game (c) 1999 Midway Games -  (08/20/99 22:52:46) page 1

PLBUILD version 3.0G

Bank Information
----------------

Bank name: JAGUARS.BNK

Size of .BNK file including header: 42332 bytes ($A55C bytes)

Size of playlist table: 84 bytes ($54 bytes)

Size of playlist and sound data only: 42114 bytes ($A482 bytes)

Checksum: $702F

Total number of playlists: 15 ($F)

Total number of sound files: 15 ($F)

Average bit rate for bank: 23.9 kbits/sec

Total linear amount of sound: 0:13.978 (min:sec.msec)



Playlist Table

  Dec  Hex   # Trks  Video  Pinball  Description
  ---- ----- ------ ------- -------  -----------
  0    $0000   1       48.6    55.7  TK: Jacksonville ... (down by - leads by - etc.)
  1    $0001   1       51.9    59.5  TK: The Jaguars ... (down by - lead by - etc.)
  2    $0002   1       94.2   108.0  TK: The Jacksonville Jaguars ... (first position)
  3    $0003   1      107.6   123.4  TK: ... the Jacksonville Jaguars (second position)

  10   $000a   1       35.6    40.8  TK: QB Normal (Brunell)
  11   $000b   1       31.4    36.0  TK: Weapon #1 Normal (Taylor)
  12   $000c   1       45.2    51.8  TK: Weapon #2 Normal (McCardell)
  13   $000d   1       23.4    26.9  TK: Weapon #3 Normal (Smith)
  14   $000e   1       45.2    51.8  TK: "to" Weapon #1 (Taylor)
  15   $000f   1       49.0    56.2  TK: "to" Weapon #2 (McCardell)
  16   $0010   1       34.7    39.8  TK: "to" Weapon #3 (Smith)
  17   $0011   1       39.3    45.1  TK: QB Pumped up (Brunell)
  18   $0012   1       49.0    56.2  TK: Weapon #1 Pumped up (Taylor)
  19   $0013   1       74.5    85.4  TK: Weapon #2 Pumped up (McCardell)
  20   $0014   1       33.1    37.9  TK: Weapon #3 Pumped up (Smith)

Total 15 Playlists
 
NFL Blitz 2000 Video Game (c) 1999 Midway Games -  (08/20/99 22:52:46) page 2


Region Table 

File         Size      Length   Length    Bitrate   Compression
Name         bytes     frames   seconds   kbit/sec  Parameters
-----------  --------  -------  --------  --------  -----------
TKJCKJG1         5602      225  0:01.728     25.94  HENRY -v6.75 -vb47 -vi7 -vt1 
TKJCKJG2         6240      257  0:01.974     25.29  HENRY -v6.75 -vb47 -vi7 -vt1 
TKJCKSN1         2432      115  0:00.883     22.03  HENRY -v6.75 -vb47 -vi7 -vt1 
TKJGUAR1         2880      123  0:00.945     24.39  HENRY -v6.75 -vb47 -vi7 -vt1 
TKTM17P1         2724      117  0:00.899     24.25  HENRY -v7.50 -vb47 -vi7 -vt3 
TKTM17P2         4172      178  0:01.367     24.41  HENRY -v7.50 -vb47 -vi7 -vt3 
TKTM17P3         1672       79  0:00.607     22.05  HENRY -v7.50 -vb47 -vi7 -vt3 
TKTM17Q1         1852       85  0:00.653     22.70  HENRY -v7.50 -vb47 -vi7 -vt3 
TKTM17Q2         2316       94  0:00.722     25.66  HENRY -v7.50 -vb47 -vi7 -vt3 
TKTM17T1         2384      108  0:00.829     22.99  HENRY -v7.50 -vb47 -vi7 -vt3 
TKTM17T2         2586      117  0:00.899     23.02  HENRY -v7.50 -vb47 -vi7 -vt3 
TKTM17T3         1880       83  0:00.637     23.59  HENRY -v7.50 -vb47 -vi7 -vt3 
TKTM17W1         1638       75  0:00.576     22.75  HENRY -v7.50 -vb47 -vi7 -vt3 
TKTM17W2         2310      108  0:00.829     22.28  HENRY -v7.50 -vb47 -vi7 -vt3 
TKTM17W3         1116       56  0:00.430     20.76  HENRY -v7.50 -vb47 -vi7 -vt3 
 
NFL Blitz 2000 Video Game (c) 1999 Midway Games -  (08/20/99 22:52:46) page 3


Summary

Total Average Bitrate:  23.9 kbits/sec
Total Time:             0:13.978 minutes
Total Number of .CMP's: 15
Total Size of .CMP's:    40.82 kbytes
