NFL Football Video Game (c) 1997 Midway Games - DW (10/06/97 02:02:23) page 1

PLBUILD version 3.0G

Bank Information
----------------

Bank name: JAPPLE.BNK

Size of .BNK file including header: 3860 bytes ($F14 bytes)

Size of playlist table: 8 bytes ($8 bytes)

Size of playlist and sound data only: 3718 bytes ($E86 bytes)

Checksum: $B648

Total number of playlists: 2 ($2)

Total number of sound files: 2 ($2)

Average bit rate for bank: 24.6 kbits/sec

Total linear amount of sound: 0:01.198 (min:sec.msec)



Playlist Table

  Dec  Hex   # Trks  Video  Pinball  Description
  ---- ----- ------ ------- -------  -----------
  0    $0000   1       29.7    34.1  TK: Japple ... #1
  1    $0001   1       35.6    40.8  TK: Japple ... #2

Total 2 Playlists
 
NFL Football Video Game (c) 1997 Midway Games - DW (10/06/97 02:02:23) page 2


Region Table 

File         Size      Length   Length    Bitrate   Compression
Name         bytes     frames   seconds   kbit/sec  Parameters
-----------  --------  -------  --------  --------  -----------
TMJPPLE1         1610       71  0:00.545     23.62  HENRY -v6.75 -vb47 -vi7 -vt1 
TMJPPLE2         2072       85  0:00.653     25.39  HENRY -v6.75 -vb47 -vi7 -vt1 
 
NFL Football Video Game (c) 1997 Midway Games - DW (10/06/97 02:02:23) page 3


Summary

Total Average Bitrate:  24.6 kbits/sec
Total Time:             0:01.198 minutes
Total Number of .CMP's: 2
Total Size of .CMP's:     3.60 kbytes
