NFL Blitz 2000 Video Game (c) 1999 Midway Games -  (08/17/99 15:12:36) page 1

PLBUILD version 3.0G

Bank Information
----------------

Bank name: JETS.BNK

Size of .BNK file including header: 38252 bytes ($956C bytes)

Size of playlist table: 84 bytes ($54 bytes)

Size of playlist and sound data only: 38034 bytes ($9492 bytes)

Checksum: $CAEC

Total number of playlists: 15 ($F)

Total number of sound files: 15 ($F)

Average bit rate for bank: 22.6 kbits/sec

Total linear amount of sound: 0:13.348 (min:sec.msec)



Playlist Table

  Dec  Hex   # Trks  Video  Pinball  Description
  ---- ----- ------ ------- -------  -----------
  0    $0000   1       37.7    43.2  TK: New York ... (down by - leads by - etc.)
  1    $0001   1       40.2    46.1  TK: The Jets ... (down by - lead by - etc.)
  2    $0002   1       68.2    78.2  TK: The New York Jets ... (first position)
  3    $0003   1       82.5    94.6  TK: ... the New York Jets (second position)

  10   $000a   1       49.0    56.2  TK: QB Normal (Testaverde)
  11   $000b   1       41.4    47.5  TK: Weapon #1 Normal (Chrebet)
  12   $000c   1       29.7    34.1  TK: Weapon #2 Normal (Martin)
  13   $000d   1       39.8    45.6  TK: Weapon #3 Normal (Johnson)
  14   $000e   1       45.6    52.3  TK: "to" Weapon #1 (Chrebet)
  15   $000f   1       36.4    41.8  TK: "to" Weapon #2 (Martin)
  16   $0010   1       42.7    49.0  TK: "to" Weapon #3 (Johnson)
  17   $0011   1       70.3    80.6  TK: QB Pumped up (Testaverde)
  18   $0012   1       51.1    58.6  TK: Weapon #1 Pumped up (Chrebet)
  19   $0013   1       43.1    49.4  TK: Weapon #2 Pumped up (Martin)
  20   $0014   1       51.1    58.6  TK: Weapon #3 Pumped up (Johnson)

Total 15 Playlists
 
NFL Blitz 2000 Video Game (c) 1999 Midway Games -  (08/17/99 15:12:36) page 2


Region Table 

File         Size      Length   Length    Bitrate   Compression
Name         bytes     frames   seconds   kbit/sec  Parameters
-----------  --------  -------  --------  --------  -----------
TKJETS1          1970       95  0:00.730     21.60  HENRY -v6.75 -vb47 -vi7 -vt1 
TKNYJ1           1988       89  0:00.684     23.27  HENRY -v6.75 -vb47 -vi7 -vt1 
TKNYJET1         3652      163  0:01.252     23.34  HENRY -v6.75 -vb47 -vi7 -vt1 
TKNYJET2         4326      197  0:01.513     22.87  HENRY -v6.75 -vb47 -vi7 -vt1 
TKTM29P1         2902      122  0:00.937     24.78  HENRY -v7.50 -vb47 -vi7 -vt3 
TKTM29P2         1680      103  0:00.791     16.99  HENRY -v7.50 -vb47 -vi7 -vt3 
TKTM29P3         2558      122  0:00.937     21.84  HENRY -v7.50 -vb47 -vi7 -vt3 
TKTM29Q1         2846      117  0:00.899     25.34  HENRY -v7.50 -vb47 -vi7 -vt3 
TKTM29Q2         4246      167  0:01.283     26.48  HENRY -v7.50 -vb47 -vi7 -vt3 
TKTM29T1         2636      109  0:00.837     25.19  HENRY -v7.50 -vb47 -vi7 -vt3 
TKTM29T2         1456       87  0:00.668     17.43  HENRY -v7.50 -vb47 -vi7 -vt3 
TKTM29T3         2130      102  0:00.783     21.75  HENRY -v7.50 -vb47 -vi7 -vt3 
TKTM29W1         2224       99  0:00.760     23.40  HENRY -v7.50 -vb47 -vi7 -vt3 
TKTM29W2         1172       71  0:00.545     17.19  HENRY -v7.50 -vb47 -vi7 -vt3 
TKTM29W3         1938       95  0:00.730     21.25  HENRY -v7.50 -vb47 -vi7 -vt3 
 
NFL Blitz 2000 Video Game (c) 1999 Midway Games -  (08/17/99 15:12:36) page 3


Summary

Total Average Bitrate:  22.6 kbits/sec
Total Time:             0:13.348 minutes
Total Number of .CMP's: 15
Total Size of .CMP's:    36.84 kbytes
