NFL Blitz 2000 Video Game (c) 1999 Midway Games -  (08/20/99 22:55:23) page 1

PLBUILD version 3.0G

Bank Information
----------------

Bank name: LIONS.BNK

Size of .BNK file including header: 35908 bytes ($8C44 bytes)

Size of playlist table: 84 bytes ($54 bytes)

Size of playlist and sound data only: 35690 bytes ($8B6A bytes)

Checksum: $10A8

Total number of playlists: 15 ($F)

Total number of sound files: 15 ($F)

Average bit rate for bank: 22.4 kbits/sec

Total linear amount of sound: 0:12.649 (min:sec.msec)



Playlist Table

  Dec  Hex   # Trks  Video  Pinball  Description
  ---- ----- ------ ------- -------  -----------
  0    $0000   1       36.4    41.8  TK: Detroit ... (down by - leads by - etc.)
  1    $0001   1       42.7    49.0  TK: The Lions ... (down by - lead by - etc.)
  2    $0002   1       74.5    85.4  TK: The Detroit Lions ... (first position)
  3    $0003   1       90.0   103.2  TK: ... the Detroit Lions (second position)

  10   $000a   1       31.0    35.5  TK: QB Normal (Batch)
  11   $000b   1       30.1    34.6  TK: Weap. #1 Normal (Irvin)
  12   $000c   1       30.1    34.6  TK: Weap. #2 Normal (Moore)
  13   $000d   1       30.1    34.6  TK: Weap. #3 Normal (Morton)
  14   $000e   1       38.9    44.6  TK: "to" Weap. #1 (Irvin)
  15   $000f   1       37.3    42.7  TK: "to" Weap. #2 (Moore)
  16   $0010   1       38.5    44.2  TK: "to" Weap. #3 (Morton)
  17   $0011   1       51.1    58.6  TK: QB Pumped up (Batch)
  18   $0012   1       81.6    93.6  TK: Weap. #1 Pumped up (Irvin)
  19   $0013   1       38.9    44.6  TK: Weap. #2 Pumped up (Moore)
  20   $0014   1       38.9    44.6  TK: Weap. #3 Pumped up (Morton)

Total 15 Playlists
 
NFL Blitz 2000 Video Game (c) 1999 Midway Games -  (08/20/99 22:55:23) page 2


Region Table 

File         Size      Length   Length    Bitrate   Compression
Name         bytes     frames   seconds   kbit/sec  Parameters
-----------  --------  -------  --------  --------  -----------
TKDTRLI1         4200      178  0:01.367     24.58  HENRY -v6.75 -vb47 -vi7 -vt1 
TKDTRLI2         4928      215  0:01.651     23.88  HENRY -v6.75 -vb47 -vi7 -vt1 
TKDTROT1         1768       86  0:00.660     21.41  HENRY -v6.75 -vb47 -vi7 -vt1 
TKLIONS1         2534      101  0:00.776     26.13  HENRY -v6.75 -vb47 -vi7 -vt1 
TKTM3P1          4132      195  0:01.498     22.07  HENRY -v7.50 -vb47 -vi7 -vt3 
TKTM3P2          2242       93  0:00.714     25.11  HENRY -v7.50 -vb47 -vi7 -vt3 
TKTM3P3          1698       93  0:00.714     19.02  HENRY -v7.50 -vb47 -vi7 -vt3 
TKTM3Q1          1526       74  0:00.568     21.48  HENRY -v7.50 -vb47 -vi7 -vt3 
TKTM3Q2          2928      122  0:00.937     25.00  HENRY -v7.50 -vb47 -vi7 -vt3 
TKTM3T1          2014       93  0:00.714     22.56  HENRY -v7.50 -vb47 -vi7 -vt3 
TKTM3T2          2050       89  0:00.684     23.99  HENRY -v7.50 -vb47 -vi7 -vt3 
TKTM3T3          1404       92  0:00.707     15.90  HENRY -v7.50 -vb47 -vi7 -vt3 
TKTM3W1          1512       72  0:00.553     21.88  HENRY -v7.50 -vb47 -vi7 -vt3 
TKTM3W2          1420       72  0:00.553     20.54  HENRY -v7.50 -vb47 -vi7 -vt3 
TKTM3W3          1024       72  0:00.553     14.81  HENRY -v7.50 -vb47 -vi7 -vt3 
 
NFL Blitz 2000 Video Game (c) 1999 Midway Games -  (08/20/99 22:55:23) page 3


Summary

Total Average Bitrate:  22.4 kbits/sec
Total Time:             0:12.649 minutes
Total Number of .CMP's: 15
Total Size of .CMP's:    34.55 kbytes
