NFL Football Video Game (c) 1997 Midway Games - DW (10/06/97 02:02:25) page 1

PLBUILD version 3.0G

Bank Information
----------------

Bank name: LYNCH.BNK

Size of .BNK file including header: 4048 bytes ($FD0 bytes)

Size of playlist table: 8 bytes ($8 bytes)

Size of playlist and sound data only: 3906 bytes ($F42 bytes)

Checksum: $2590

Total number of playlists: 2 ($2)

Total number of sound files: 2 ($2)

Average bit rate for bank: 24.7 kbits/sec

Total linear amount of sound: 0:01.252 (min:sec.msec)



Playlist Table

  Dec  Hex   # Trks  Video  Pinball  Description
  ---- ----- ------ ------- -------  -----------
  0    $0000   1       32.2    37.0  TK: Lynch ... #1
  1    $0001   1       36.0    41.3  TK: Lynch ... #2

Total 2 Playlists
 
NFL Football Video Game (c) 1997 Midway Games - DW (10/06/97 02:02:25) page 2


Region Table 

File         Size      Length   Length    Bitrate   Compression
Name         bytes     frames   seconds   kbit/sec  Parameters
-----------  --------  -------  --------  --------  -----------
TMLYNCH1         1726       77  0:00.591     23.35  HENRY -v6.75 -vb47 -vi7 -vt1 
TMLYNCH2         2144       86  0:00.660     25.97  HENRY -v6.75 -vb47 -vi7 -vt1 
 
NFL Football Video Game (c) 1997 Midway Games - DW (10/06/97 02:02:25) page 3


Summary

Total Average Bitrate:  24.7 kbits/sec
Total Time:             0:01.252 minutes
Total Number of .CMP's: 2
Total Size of .CMP's:     3.78 kbytes
