NFL Blitz 2000 Video Game (c) 1999 Midway Games -  (08/24/99 11:26:07) page 1

PLBUILD version 3.0G

Bank Information
----------------

Bank name: MAIN3.BNK

Size of .BNK file including header: 120526 bytes ($1D6CE bytes)

Size of playlist table: 4 bytes ($4 bytes)

Size of playlist and sound data only: 120388 bytes ($1D644 bytes)

Checksum: $A712

Total number of playlists: 1 ($1)

Total number of sound files: 6 ($6)

Average bit rate for bank: 65.1 kbits/sec

Total linear amount of sound: 0:14.776 (min:sec.msec)



Playlist Table

  Dec  Hex   # Trks  Video  Pinball  Description
  ---- ----- ------ ------- -------  -----------
  0    $0000   1          -       -  Main Play #3

Total 1 Playlists
 
NFL Blitz 2000 Video Game (c) 1999 Midway Games -  (08/24/99 11:26:07) page 2


Region Table 

File         Size      Length   Length    Bitrate   Compression
Name         bytes     frames   seconds   kbit/sec  Parameters
-----------  --------  -------  --------  --------  -----------
TUNE3C          31968      494  0:03.794     67.41  HENRY -v4.00 -vb95 -vi7 -vr79 -vt0 
TUNE3D          17570      310  0:02.381     59.04  HENRY -v4.00 -vb95 -vi7 -vr79 -vt0 
TUNE3E          15324      249  0:01.912     64.11  HENRY -v4.00 -vb95 -vi7 -vr79 -vt0 
TUNE3F          30814      495  0:03.802     64.84  HENRY -v4.00 -vb95 -vi7 -vr79 -vt0 
TUNE3G          15016      249  0:01.912     62.82  HENRY -v4.00 -vb95 -vi7 -vr79 -vt0 
TUNE3H           9562      127  0:00.975     78.43  HENRY -v4.00 -vb95 -vi7 -vr79 -vt0 
 
NFL Blitz 2000 Video Game (c) 1999 Midway Games -  (08/24/99 11:26:07) page 3


Summary

Total Average Bitrate:  65.1 kbits/sec
Total Time:             0:14.776 minutes
Total Number of .CMP's: 6
Total Size of .CMP's:   117.44 kbytes
