NFL Football Video Game (c) 1997 Midway Games - DW (09/23/97 19:20:13) page 1

PLBUILD version 3.0G

Bank Information
----------------

Bank name: MAIN.BNK

Size of .BNK file including header: 221658 bytes ($361DA bytes)

Size of playlist table: 4 bytes ($4 bytes)

Size of playlist and sound data only: 221520 bytes ($36150 bytes)

Checksum: $AD0F

Total number of playlists: 1 ($1)

Total number of sound files: 6 ($6)

Average bit rate for bank: 67.0 kbits/sec

Total linear amount of sound: 0:26.450 (min:sec.msec)



Playlist Table

  Dec  Hex   # Trks  Video  Pinball  Description
  ---- ----- ------ ------- -------  -----------
  0    $0000   1          -       -  Main Play Tune (Mono)

Total 1 Playlists
 
NFL Football Video Game (c) 1997 Midway Games - DW (09/23/97 19:20:13) page 2


Region Table 

File         Size      Length   Length    Bitrate   Compression
Name         bytes     frames   seconds   kbit/sec  Parameters
-----------  --------  -------  --------  --------  -----------
MAIN10           8500      119  0:00.914     74.40  HENRY -v4.25 -vb95 -vi7 -vr79 -vt0 
MAIN11          55606      949  0:07.288     61.04  HENRY -v4.25 -vb95 -vi7 -vr79 -vt0 
MAIN12          62568      949  0:07.288     68.68  HENRY -v4.25 -vb95 -vi7 -vr79 -vt0 
MAIN12B         16534      239  0:01.836     72.06  HENRY -v4.25 -vb95 -vi7 -vr79 -vt0 
MAIN13          62084      948  0:07.281     68.22  HENRY -v4.25 -vb95 -vi7 -vr79 -vt0 
MAIN13B         16142      240  0:01.843     70.06  HENRY -v4.25 -vb95 -vi7 -vr79 -vt0 
 
NFL Football Video Game (c) 1997 Midway Games - DW (09/23/97 19:20:13) page 3


Summary

Total Average Bitrate:  67.0 kbits/sec
Total Time:             0:26.450 minutes
Total Number of .CMP's: 6
Total Size of .CMP's:   216.24 kbytes
