NFL Blitz 2000 Video Game (c) 1999 Midway Games -  (08/25/99 13:02:56) page 1

PLBUILD version 3.0G

Bank Information
----------------

Bank name: MAIN4.BNK

Size of .BNK file including header: 115846 bytes ($1C486 bytes)

Size of playlist table: 4 bytes ($4 bytes)

Size of playlist and sound data only: 115708 bytes ($1C3FC bytes)

Checksum: $E7F7

Total number of playlists: 1 ($1)

Total number of sound files: 4 ($4)

Average bit rate for bank: 67.7 kbits/sec

Total linear amount of sound: 0:13.663 (min:sec.msec)



Playlist Table

  Dec  Hex   # Trks  Video  Pinball  Description
  ---- ----- ------ ------- -------  -----------
  0    $0000   1          -       -  Main Play #4

Total 1 Playlists
 
NFL Blitz 2000 Video Game (c) 1999 Midway Games -  (08/25/99 13:02:56) page 2


Region Table 

File         Size      Length   Length    Bitrate   Compression
Name         bytes     frames   seconds   kbit/sec  Parameters
-----------  --------  -------  --------  --------  -----------
TUNE4A          31210      475  0:03.648     68.44  HENRY -v4.00 -vb95 -vi7 -vr79 -vt0 
TUNE4B          15404      236  0:01.812     67.99  HENRY -v4.00 -vb95 -vi7 -vr79 -vt0 
TUNE4C          60540      948  0:07.281     66.52  HENRY -v4.00 -vb95 -vi7 -vr79 -vt0 
TUNE4D           8460      120  0:00.922     73.44  HENRY -v4.00 -vb95 -vi7 -vr79 -vt0 
 
NFL Blitz 2000 Video Game (c) 1999 Midway Games -  (08/25/99 13:02:56) page 3


Summary

Total Average Bitrate:  67.7 kbits/sec
Total Time:             0:13.663 minutes
Total Number of .CMP's: 4
Total Size of .CMP's:   112.90 kbytes
