NFL Football Video Game (c) 1997 Midway Games - DW (10/06/97 02:02:25) page 1

PLBUILD version 3.0G

Bank Information
----------------

Bank name: MANGUBAT.BNK

Size of .BNK file including header: 4304 bytes ($10D0 bytes)

Size of playlist table: 8 bytes ($8 bytes)

Size of playlist and sound data only: 4162 bytes ($1042 bytes)

Checksum: $9D68

Total number of playlists: 2 ($2)

Total number of sound files: 2 ($2)

Average bit rate for bank: 25.1 kbits/sec

Total linear amount of sound: 0:01.313 (min:sec.msec)



Playlist Table

  Dec  Hex   # Trks  Video  Pinball  Description
  ---- ----- ------ ------- -------  -----------
  0    $0000   1       35.2    40.3  TK: Mangubat ... #1
  1    $0001   1       36.4    41.8  TK: Mangubat ... #2

Total 2 Playlists
 
NFL Football Video Game (c) 1997 Midway Games - DW (10/06/97 02:02:25) page 2


Region Table 

File         Size      Length   Length    Bitrate   Compression
Name         bytes     frames   seconds   kbit/sec  Parameters
-----------  --------  -------  --------  --------  -----------
TMMNGBT1         2000       84  0:00.645     24.80  HENRY -v6.75 -vb47 -vi7 -vt1 
TMMNGBT2         2126       87  0:00.668     25.45  HENRY -v6.75 -vb47 -vi7 -vt1 
 
NFL Football Video Game (c) 1997 Midway Games - DW (10/06/97 02:02:25) page 3


Summary

Total Average Bitrate:  25.1 kbits/sec
Total Time:             0:01.313 minutes
Total Number of .CMP's: 2
Total Size of .CMP's:     4.03 kbytes
