NFL Blitz 2000 Video Game (c) 1999 Midway Games -  (08/22/99 18:08:14) page 1

PLBUILD version 3.0G

Bank Information
----------------

Bank name: MOVIE.BNK

Size of .BNK file including header: 514136 bytes ($7D858 bytes)

Size of playlist table: 4 bytes ($4 bytes)

Size of playlist and sound data only: 513998 bytes ($7D7CE bytes)

Checksum: $A35B

Total number of playlists: 1 ($1)

Total number of sound files: 1 ($1)

Average bit rate for bank: 67.5 kbits/sec

Total linear amount of sound: 1:00.925 (min:sec.msec)



Playlist Table

  Dec  Hex   # Trks  Video  Pinball  Description
  ---- ----- ------ ------- -------  -----------
  0    $0000   1     3320.4  3807.8  Movie Audio

Total 1 Playlists
 
NFL Blitz 2000 Video Game (c) 1999 Midway Games -  (08/22/99 18:08:14) page 2


Region Table 

File         Size      Length   Length    Bitrate   Compression
Name         bytes     frames   seconds   kbit/sec  Parameters
-----------  --------  -------  --------  --------  -----------
MOVIE          513974     7933  1:00.925     67.49  HENRY -v3.00 -vb111 -vi7 -vt0 
 
NFL Blitz 2000 Video Game (c) 1999 Midway Games -  (08/22/99 18:08:14) page 3


Summary

Total Average Bitrate:  67.5 kbits/sec
Total Time:             1:00.925 minutes
Total Number of .CMP's: 1
Total Size of .CMP's:   501.93 kbytes
