NFL Blitz 2000 Video Game (c) 1999 Midway Games -  (10/06/99 22:12:58) page 1

PLBUILD version 3.0G

Bank Information
----------------

Bank name: MOVIE1.BNK

Size of .BNK file including header: 370470 bytes ($5A726 bytes)

Size of playlist table: 4 bytes ($4 bytes)

Size of playlist and sound data only: 370332 bytes ($5A69C bytes)

Checksum: $3ABA

Total number of playlists: 1 ($1)

Total number of sound files: 1 ($1)

Average bit rate for bank: 48.6 kbits/sec

Total linear amount of sound: 1:00.925 (min:sec.msec)



Playlist Table

  Dec  Hex   # Trks  Video  Pinball  Description
  ---- ----- ------ ------- -------  -----------
  0    $0000   1     3320.4  3807.8  Movie #1 Audio

Total 1 Playlists
 
NFL Blitz 2000 Video Game (c) 1999 Midway Games -  (10/06/99 22:12:58) page 2


Region Table 

File         Size      Length   Length    Bitrate   Compression
Name         bytes     frames   seconds   kbit/sec  Parameters
-----------  --------  -------  --------  --------  -----------
MOVIE1         370308     7933  1:00.925     48.62  HENRY -v3.75 -vb95 -vi7 -vt0 
 
NFL Blitz 2000 Video Game (c) 1999 Midway Games -  (10/06/99 22:12:58) page 3


Summary

Total Average Bitrate:  48.6 kbits/sec
Total Time:             1:00.925 minutes
Total Number of .CMP's: 1
Total Size of .CMP's:   361.63 kbytes
