NFL Blitz 99 Video Game (c) 1998 Midway Games - DW (07/29/98 12:34:43) page 1

PLBUILD version 3.0G

Bank Information
----------------

Bank name: OILERS.BNK

Size of .BNK file including header: 40100 bytes ($9CA4 bytes)

Size of playlist table: 84 bytes ($54 bytes)

Size of playlist and sound data only: 39882 bytes ($9BCA bytes)

Checksum: $74D3

Total number of playlists: 15 ($F)

Total number of sound files: 15 ($F)

Average bit rate for bank: 23.5 kbits/sec

Total linear amount of sound: 0:13.471 (min:sec.msec)



Playlist Table

  Dec  Hex   # Trks  Video  Pinball  Description
  ---- ----- ------ ------- -------  -----------
  0    $0000   1       37.3    42.7  TK: Tennessee ... (down by - leads by - etc.)
  1    $0001   1       32.6    37.4  TK: The Oilers ... (down by - lead by - etc.)
  2    $0002   1       75.8    86.9  TK: The Tennessee Oilers ... (first position)
  3    $0003   1       88.3   101.3  TK: ... the Tennessee Oilers (second position)

  10   $000a   1       34.7    39.8  TK: QB Normal (McNair)
  11   $000b   1       40.2    46.1  TK: Weapon #1 Normal (George)
  12   $000c   1       37.3    42.7  TK: Weapon #2 Normal (Dyson)
  13   $000d   1       36.0    41.3  TK: Weapon #3 Normal (Thigpen)
  14   $000e   1       47.7    54.7  TK: "to" Weapon #1 (George)
  15   $000f   1       38.9    44.6  TK: "to" Weapon #2 (Dyson)
  16   $0010   1       46.5    53.3  TK: "to" Weapon #3 (Thigpen)
  17   $0011   1       38.5    44.2  TK: QB Pumped up (McNair)
  18   $0012   1       57.3    65.8  TK: Weapon #1 Pumped up (George)
  19   $0013   1       46.5    53.3  TK: Weapon #2 Pumped up (Dyson)
  20   $0014   1       49.4    56.6  TK: Weapon #3 Pumped up (Thigpen)

Total 15 Playlists
 
NFL Blitz 99 Video Game (c) 1998 Midway Games - DW (07/29/98 12:34:43) page 2


Region Table 

File         Size      Length   Length    Bitrate   Compression
Name         bytes     frames   seconds   kbit/sec  Parameters
-----------  --------  -------  --------  --------  -----------
TKOILRS2         1872       78  0:00.599     25.00  HENRY -v6.75 -vb47 -vi7 -vt1 
TKTM18P1         2880      127  0:00.975     23.62  HENRY -v7.50 -vb47 -vi7 -vt3 
TKTM18P2         2846      130  0:00.998     22.80  HENRY -v7.50 -vb47 -vi7 -vt3 
TKTM18P3         2642      137  0:01.052     20.09  HENRY -v7.50 -vb47 -vi7 -vt3 
TKTM18Q1         1778       88  0:00.676     21.05  HENRY -v7.50 -vb47 -vi7 -vt3 
TKTM18Q2         2476      109  0:00.837     23.66  HENRY -v7.50 -vb47 -vi7 -vt3 
TKTM18T1         2346      114  0:00.876     21.44  HENRY -v7.50 -vb47 -vi7 -vt3 
TKTM18T2         2594      117  0:00.899     23.09  HENRY -v7.50 -vb47 -vi7 -vt3 
TKTM18T3         2320      115  0:00.883     21.01  HENRY -v7.50 -vb47 -vi7 -vt3 
TKTM18W1         1540       77  0:00.591     20.83  HENRY -v7.50 -vb47 -vi7 -vt3 
TKTM18W2         1892       93  0:00.714     21.19  HENRY -v7.50 -vb47 -vi7 -vt3 
TKTM18W3         1668       88  0:00.676     19.74  HENRY -v7.50 -vb47 -vi7 -vt3 
TKTNOIL1         4730      181  0:01.390     27.22  HENRY -v6.75 -vb47 -vi7 -vt1 
TKTNOIL2         5588      211  0:01.620     27.59  HENRY -v6.75 -vb47 -vi7 -vt1 
TKTNSEE1         2400       89  0:00.684     28.09  HENRY -v6.75 -vb47 -vi7 -vt1 
 
NFL Blitz 99 Video Game (c) 1998 Midway Games - DW (07/29/98 12:34:43) page 3


Summary

Total Average Bitrate:  23.5 kbits/sec
Total Time:             0:13.471 minutes
Total Number of .CMP's: 15
Total Size of .CMP's:    38.64 kbytes
