NFL Blitz 2000 Video Game (c) 1999 Midway Games -  (08/06/99 14:03:54) page 1

PLBUILD version 3.0G

Bank Information
----------------

Bank name: OTIME.BNK

Size of .BNK file including header: 110002 bytes ($1ADB2 bytes)

Size of playlist table: 4 bytes ($4 bytes)

Size of playlist and sound data only: 109864 bytes ($1AD28 bytes)

Checksum: $D110

Total number of playlists: 1 ($1)

Total number of sound files: 5 ($5)

Average bit rate for bank: 69.0 kbits/sec

Total linear amount of sound: 0:12.726 (min:sec.msec)



Playlist Table

  Dec  Hex   # Trks  Video  Pinball  Description
  ---- ----- ------ ------- -------  -----------
  0    $0000   1          -       -  Overtime

Total 1 Playlists
 
NFL Blitz 2000 Video Game (c) 1999 Midway Games -  (08/06/99 14:03:54) page 2


Region Table 

File         Size      Length   Length    Bitrate   Compression
Name         bytes     frames   seconds   kbit/sec  Parameters
-----------  --------  -------  --------  --------  -----------
OTIME1A         30792      473  0:03.633     67.81  HENRY -v4.00 -vb95 -vi7 -vr79 -vt0 
OTIME1B         15956      236  0:01.812     70.43  HENRY -v4.00 -vb95 -vi7 -vr79 -vt0 
OTIME1C         28990      474  0:03.640     63.71  HENRY -v4.00 -vb95 -vi7 -vr79 -vt0 
OTIME1D         16682      237  0:01.820     73.32  HENRY -v4.00 -vb95 -vi7 -vr79 -vt0 
OTIME1E         17326      237  0:01.820     76.15  HENRY -v4.00 -vb95 -vi7 -vr79 -vt0 
 
NFL Blitz 2000 Video Game (c) 1999 Midway Games -  (08/06/99 14:03:54) page 3


Summary

Total Average Bitrate:  69.0 kbits/sec
Total Time:             0:12.726 minutes
Total Number of .CMP's: 5
Total Size of .CMP's:   107.17 kbytes
