NFL Blitz 2000 Video Game (c) 1999 Midway Games -  (08/22/99 00:34:20) page 1

PLBUILD version 3.0G

Bank Information
----------------

Bank name: PLAYERS.BNK

Size of .BNK file including header: 490608 bytes ($77C70 bytes)

Size of playlist table: 780 bytes ($30C bytes)

Size of playlist and sound data only: 489694 bytes ($778DE bytes)

Checksum: $CACE

Total number of playlists: 93 ($5D)

Total number of sound files: 91 ($5B)

Average bit rate for bank: 40.3 kbits/sec

Total linear amount of sound: 1:36.929 (min:sec.msec)



Playlist Table

  Dec  Hex   # Trks  Video  Pinball  Description
  ---- ----- ------ ------- -------  -----------
  1    $0001   1       53.2    61.0  FX: Tackle #1
  2    $0002   1       51.9    59.5  FX: Tackle #2
  3    $0003   1       49.8    57.1  FX: Tackle #3
  4    $0004   1       68.2    78.2  FX: Tackle #4
  5    $0005   1       45.6    52.3  FX: Tackle #5
  6    $0006   1       81.6    93.6  FX: Tackle #6
  7    $0007   1       59.4    68.2  FX: Tackle #7
  8    $0008   1       48.6    55.7  FX: Tackle #8

  11   $000b   1      121.4   139.2  FX: Rumble #3
  12   $000c   1      120.1   137.8  FX: Rumble #4
  13   $000d   1      142.7   163.7  FX: Rumble #5
  14   $000e   1       27.6    31.7  VP: Hit ground #1

  17   $0011   1       26.0    29.8  JH: Push grunt #1
  18   $0012   1       40.2    46.1  JH: Push grunt #2
  19   $0013   1       29.3    33.6  JH: Push grunt #3

  21   $0015   1       25.5    29.3  DF: Got pushed #1

  27   $001b   1       66.6    76.3  SD: Throw a player #1
  28   $001c   1       45.2    51.8  DF: Got thrown #2
  29   $001d   1       45.6    52.3  DF: Got thrown #1
  30   $001e   1       79.1    90.7  SD: QB "Blue 42"
  31   $001f   1       73.2    84.0  SD: QB "354!"
  32   $0020   1       45.6    52.3  SD: QB "Blue 8!"
  33   $0021   1       28.5    32.6  SD: QB "Hike!"
  34   $0022   1       31.0    35.5  VP: QB "Hut-Hike!" - REMOVED
  35   $0023   1       33.1    37.9  SD: QB "Hut!"
 
NFL Blitz 2000 Video Game (c) 1999 Midway Games -  (08/22/99 00:34:20) page 2


Playlist Table (continued)

  Dec  Hex   # Trks  Video  Pinball  Description
  ---- ----- ------ ------- -------  -----------
  36   $0024   1       41.4    47.5  SD: QB "Red!"
  37   $0025   1       34.3    39.4  VP: QB "Set!" - REMOVED
  38   $0026   1       35.6    40.8  SD: QB "Go!" (alternate hike)

  47   $002f   1       41.0    47.0  SD: Push #1

  49   $0031   1       50.2    57.6  DF: Watch it punk!
  50   $0032   1       59.9    68.6  SD: Get outta my face!! (push)
  51   $0033   1       26.0    29.8  RC: Got pushed #1

  53   $0035   1       43.1    49.4  SD: Got pushed #1

  56   $0038   1       36.0    41.3  RC: Running connect #1
  57   $0039   1       45.2    51.8  SD: Running connect #1
  58   $003a   1       34.7    39.8  SD: Hit Ground #1
  59   $003b   1       43.9    50.4  SD: Hit Ground #2
  60   $003c   1       29.7    34.1  DF: Hit Ground #2
  61   $003d   1       43.9    50.4  RC: Got smacked #1
  62   $003e   1       20.9    24.0  DF: Got smacked #1
  63   $003f   1       36.8    42.2  SD: Got smacked #1
  64   $0040   1       18.4    21.1  DF: Grab #1
  65   $0041   1       21.3    24.5  DF: Grab #2

  67   $0043   1       61.1    70.1  SD: throw a player #2
  68   $0044   1       51.9    59.5  RC: got thrown #1
  69   $0045   1       59.0    67.7  RC: got thrown #2
  70   $0046   1      115.1   132.0  DF: C'mon sissy .. wanna fight etc.

  91   $005b   1       25.5    29.3  DF: Push #1
  92   $005c   1       48.1    55.2  Tackle #9

  94   $005e   1       51.5    59.0  Big Hit #2
  95   $005f   1       51.9    59.5  New Big Hit #1
  96   $0060   1       66.1    75.8  Big Hit #4

  98   $0062   1      128.9   147.8  Blitz yells #1

  108  $006c   1       37.3    42.7  FX: Hit ground impact #1 - normal

  115  $0073   1       36.4    41.8  FX: Hit ground impact #6 - crispy
  116  $0074   1       33.1    37.9  FX: Hit ground impact #9 - crispy
  117  $0075   1       36.4    41.8  FX: Hit Ground #10 - normal
  118  $0076   1       53.6    61.4  FX: Hit Ground #11 - crispy

  122  $007a   1       45.6    52.3  FX: Small hit/contact #4
  123  $007b   1       38.5    44.2  FX: Small hit/contact #5

  127  $007f   1       24.3    27.8  FX: Catch Ball #1

  131  $0083   1       60.3    69.1  FX: Ball on Fire Throw Sound

  133  $0085   1       38.1    43.7  Spin Move Whoosh
 
NFL Blitz 2000 Video Game (c) 1999 Midway Games -  (08/22/99 00:34:20) page 3


Playlist Table (continued)

  Dec  Hex   # Trks  Video  Pinball  Description
  ---- ----- ------ ------- -------  -----------
  134  $0086   1       21.8    25.0  FX: Ball Deflected Doink #1

  136  $0088   1       51.9    59.5  FX: New Line of Scrimmage Crossed

  139  $008b   1       41.9    48.0  FX: Long Ref's Whistle #2
  140  $008c   1       51.9    59.5  FX: Short Ref's Whistle
  141  $008d   1       59.9    68.6  FX: Bowling Pin Sound
  142  $008e   1      239.8   275.0  NEW FX: Touchdown Fanfare
  143  $008f   1       62.8    72.0  FX: Interception Stinger

  147  $0093   1       82.0    94.1  FX: End of Quarter Gun #2
  148  $0094   1       38.1    43.7  FX: Ball Bounce Ricochet #1

  156  $009c   1      115.1   132.0  FX: Short Fanfare #1 (Extra Point)
  157  $009d   1       67.8    77.8  FX: Bummer Sound #1 (sack)
  158  $009e   1       49.8    57.1  Ball throw #1
  159  $009f   1       22.6    25.9  Lateral Throw

  161  $00a1   1      182.9   209.8  Safety Music Stinger
  162  $00a2   1      240.3   275.5  NEW FX: Field Goal Made

  168  $00a8   1       65.7    75.4  DF: What are you waiting for!?!
  169  $00a9   1       49.0    56.2  DF: Throw it to me!!
  170  $00aa   1       58.6    67.2  VP: I'm clear!
  171  $00ab   1       67.4    77.3  JH: Over here!!
  172  $00ac   1       59.9    68.6  RC: Throw it to me!!
  173  $00ad   1       74.5    85.4  DF: C'mon ... throw it!!
  174  $00ae   1       85.4    97.9  JH: Yo' ... Over here!
  175  $00af   1       77.0    88.3  DF: Any day now!!
  176  $00b0   1       55.2    63.4  DF: I'm waiting

  178  $00b2   1       14.2    16.3  FX: Butt-Slap

  190  $00be   1       26.0    29.8  Clank transition swish down
  191  $00bf   1       54.4    62.4  Screen Slam
  192  $00c0   1      104.2   119.5  Player catches fire
  193  $00c1   1       30.6    35.0  About to catch fire warning
  194  $00c2   1       82.9    95.0  Not on fire anymore bummer sound

Total 93 Playlists
 
NFL Blitz 2000 Video Game (c) 1999 Midway Games -  (08/22/99 00:34:20) page 4


Region Table 

File         Size      Length   Length    Bitrate   Compression
Name         bytes     frames   seconds   kbit/sec  Parameters
-----------  --------  -------  --------  --------  -----------
BIGHIT2          6198      123  0:00.945     52.49  HENRY -v5.25 -vb79 -vi7 -vt0 
BIGHIT4          6226      157  0:01.206     41.31  HENRY -v5.25 -vb79 -vi7 -vt0 
BLITZ1           8528      307  0:02.358     28.94  HENRY -v7.00 -vb47 -vi7 -vr31 -vt3 
BUMMER1          9136      161  0:01.236     59.11  HENRY -v5.00 -vb79 -vi7 -vr63 -vt0 
BWLPINS1         7650      142  0:01.091     56.12  HENRY -v5.00 -vb79 -vi7 -vr63 -vt0 
CTCHBLL1         4080       57  0:00.438     74.56  HENRY -v4.50 -vb95 -vi7 -vt0 
CTCHFIR2        10362      173  0:01.329     62.39  HENRY -v5.00 -vb95 -vi7 -vr79 -vt1 
DFANYDAY         3476      184  0:01.413     19.68  HENRY -v7.50 -vb47 -vi7 -vt1 
DFCMNTHR         3314      178  0:01.367     19.39  HENRY -v7.50 -vb47 -vi7 -vt1 
DFGRAB1           814       43  0:00.330     19.72  HENRY -v7.50 -vb47 -vi7 -vt1 
DFGRAB2           710       51  0:00.392     14.50  HENRY -v7.50 -vb47 -vi7 -vt1 
DFHITGD2         1324       71  0:00.545     19.42  HENRY -v7.50 -vb47 -vi7 -vt1 
DFPUSH1          1056       65  0:00.499     16.92  HENRY -v7.50 -vb47 -vi7 -vt1 
DFPUSHD1         1022       53  0:00.407     20.09  HENRY -v7.50 -vb47 -vi7 -vt1 
DFSISSY          3366      275  0:02.112     12.75  HENRY -v7.50 -vb47 -vi7 -vt1 
DFSMAKD1         1014       56  0:00.430     18.86  HENRY -v7.50 -vb47 -vi7 -vt1 
DFTHRTME         2602      117  0:00.899     23.17  HENRY -v7.50 -vb47 -vi7 -vt1 
DFTHRWN1         2156      108  0:00.829     20.79  HENRY -v7.50 -vb47 -vi7 -vt1 
DFTHRWN2         1888      108  0:00.829     18.21  HENRY -v7.50 -vb47 -vi7 -vt1 
DFWAITNG         2660      132  0:01.014     20.99  HENRY -v7.50 -vb47 -vi7 -vt1 
DFWCHPNK         1902      120  0:00.922     16.51  HENRY -v7.50 -vb47 -vi7 -vt1 
DFWTINFR         2656      156  0:01.198     17.74  HENRY -v7.50 -vb47 -vi7 -vt1 
DOINK1           3502       51  0:00.392     71.53  HENRY -v5.00 -vb95 -vi7 -vr79 -vt0 
EXPOINT         21104      275  0:02.112     79.94  HENRY -v3.75 -vb95 -vi7 -vr79 -vt0 
FIREOUT1         8940      197  0:01.513     47.27  HENRY -v5.00 -vb95 -vi7 -vr79 -vt3 
FIREWARN         4980       72  0:00.553     72.05  HENRY -v5.00 -vb95 -vi7 -vr79 -vt1 
FLDGOAL         41022      574  0:04.408     74.44  HENRY -v3.75 -vb95 -vi7 -vr79 -vt0 
GUN2             7530      196  0:01.505     40.02  HENRY -v5.25 -vb79 -vi7 -vt1 
HITGRD10         4282       86  0:00.660     51.87  HENRY -v5.75 -vb95 -vi7 -vr79 -vt0 
HITGRD11         6156      127  0:00.975     50.49  HENRY -v5.75 -vb95 -vi7 -vr79 -vt0 
HITGRND1         3072       88  0:00.676     36.36  HENRY -v5.75 -vb63 -vi7 -vt0 
HITGRND6         3860       86  0:00.660     46.75  HENRY -v5.75 -vb79 -vi7 -vt0 
HITGRND9         2118       78  0:00.599     28.29  HENRY -v5.75 -vb79 -vi7 -vt0 
INTRCPT1         9214      149  0:01.144     64.42  HENRY -v4.75 -vb95 -vi7 -vr79 -vt0 
JHOVRHRE         3034      161  0:01.236     19.63  HENRY -v7.50 -vb47 -vi7 -vt1 
JHPUSH1           982       62  0:00.476     16.50  HENRY -v7.50 -vb47 -vi7 -vt1 
JHPUSH2          1588       96  0:00.737     17.23  HENRY -v7.50 -vb47 -vi7 -vt1 
JHPUSH3          1194       69  0:00.530     18.03  HENRY -v7.50 -vb47 -vi7 -vt1 
JHYVRHRE         3614      204  0:01.567     18.45  HENRY -v7.50 -vb47 -vi7 -vt1 
LATERAL          2778       53  0:00.407     54.60  HENRY -v5.00 -vb95 -vi7 -vr79 -vt1 
NEWTHROW         5218      118  0:00.906     46.06  HENRY -v5.00 -vb95 -vi7 -vr79 -vt1 
NUBGHIT1         5590      123  0:00.945     47.34  HENRY -v5.00 -vb95 -vi7 -vr79 -vt0 
NULINSCR         7994      123  0:00.945     67.70  HENRY -v5.00 -vb95 -vi7 -vr79 -vt1 
ONFIRE           7560      143  0:01.098     55.07  HENRY -v5.00 -vb95 -vi7 -vr79 -vt1 
RCCNCT1          1632       86  0:00.660     19.77  HENRY -v7.50 -vb47 -vi7 -vt1 
RCPUSHD1          932       62  0:00.476     15.66  HENRY -v7.50 -vb47 -vi7 -vt1 
RCSMAKD1         1994      105  0:00.806     19.78  HENRY -v7.50 -vb47 -vi7 -vt1 
RCSPIN3          4216       91  0:00.699     48.26  HENRY -v5.00 -vb79 -vi15 -vr63 
RCTHRTME         2708      143  0:01.098     19.73  HENRY -v7.50 -vb47 -vi7 -vt1 
RCTHRWN1         2592      124  0:00.952     21.77  HENRY -v7.50 -vb47 -vi7 -vt1 
RCTHRWN2         3062      141  0:01.083     22.62  HENRY -v7.50 -vb47 -vi7 -vt1 
 
NFL Blitz 2000 Video Game (c) 1999 Midway Games -  (08/22/99 00:34:20) page 5


Region Table (continued)

File         Size      Length   Length    Bitrate   Compression
Name         bytes     frames   seconds   kbit/sec  Parameters
-----------  --------  -------  --------  --------  -----------
RIC1             2968       91  0:00.699     33.97  HENRY -v5.75 -vb79 -vi7 -vr63 -vt1 
RUMBLE3          7884      289  0:02.220     28.42  HENRY -v6.25 -vb79 -vi7 -vr63 -vt0 
RUMBLE4          9660      286  0:02.196     35.18  HENRY -v6.25 -vb79 -vi7 -vr63 -vt0 
RUMBLE5         10072      340  0:02.611     30.86  HENRY -v6.25 -vb79 -vi7 -vr63 -vt0 
SAFETY          35324      436  0:03.348     84.39  HENRY -v3.00 -vb95 -vi7 -vt0 
SCRNSLAM         6838      129  0:00.991     55.22  HENRY -v4.00 -vb95 -vi7 -vt0 
SCRNWHSH         3454       61  0:00.468     58.98  HENRY -v5.00 -vb79 -vi7 -vt3 
SDCNCT1          1744      108  0:00.829     16.82  HENRY -v7.50 -vb47 -vi7 -vt1 
SDGETFAC         2524      142  0:01.091     18.52  HENRY -v7.00 -vb47 -vi7 -vt1 
SDHITGD1         1322       83  0:00.637     16.59  HENRY -v7.50 -vb47 -vi7 -vt1 
SDHITGD2         1734      105  0:00.806     17.20  HENRY -v7.50 -vb47 -vi7 -vt1 
SDPUSH1          1678       98  0:00.753     17.84  HENRY -v7.50 -vb47 -vi7 -vt1 
SDPUSHD1         1666      103  0:00.791     16.85  HENRY -v7.50 -vb47 -vi7 -vt1 
SDQB354          2586      175  0:01.344     15.39  HENRY -v7.50 -vb47 -vi7 -vt1 
SDQBBL42         2900      188  0:01.444     16.07  HENRY -v7.50 -vb47 -vi7 -vt1 
SDQBBL8          1888      109  0:00.837     18.04  HENRY -v7.50 -vb47 -vi7 -vt1 
SDQBGO           1224       85  0:00.653     15.00  HENRY -v7.50 -vb47 -vi7 -vt1 
SDQBHIKE          966       68  0:00.522     14.80  HENRY -v7.50 -vb47 -vi7 -vt1 
SDQBHUT          1512       79  0:00.607     19.94  HENRY -v7.50 -vb47 -vi7 -vt1 
SDQBRED          1748       99  0:00.760     18.39  HENRY -v7.50 -vb47 -vi7 -vt1 
SDSMAKD1         1350       88  0:00.676     15.98  HENRY -v7.50 -vb47 -vi7 -vt1 
SDTHRW1          3548      158  0:01.213     23.39  HENRY -v7.50 -vb47 -vi7 -vt1 
SDTHRW2          3200      145  0:01.114     22.99  HENRY -v7.50 -vb47 -vi7 -vt1 
SLAP1            1762       34  0:00.261     53.98  HENRY -v5.00 -vb79 -vi7 -vt0 
SMHIT4           4382      108  0:00.829     42.26  HENRY -v6.00 -vb79 -vi7 -vr63 -vt0 
SMHIT5           4072       91  0:00.699     46.61  HENRY -v6.00 -vb79 -vi7 -vr63 -vt0 
TACKLE1          5478      126  0:00.968     45.29  HENRY -v5.75 -vb79 -vi7 -vr63 -vt0 
TACKLE2          6546      123  0:00.945     55.44  HENRY -v5.75 -vb79 -vi7 -vt0 
TACKLE3          5484      119  0:00.914     48.00  HENRY -v5.75 -vb79 -vi7 -vr63 -vt0 
TACKLE4          6004      163  0:01.252     38.37  HENRY -v5.75 -vb79 -vi7 -vr63 -vt0 
TACKLE5          4718      109  0:00.837     45.09  HENRY -v5.75 -vb79 -vi7 -vr63 -vt0 
TACKLE6          8638      194  0:01.490     46.38  HENRY -v5.75 -vb79 -vi7 -vr63 -vt0 
TACKLE7          5690      141  0:01.083     42.04  HENRY -v5.75 -vb79 -vi7 -vr63 -vt0 
TACKLE8          5586      115  0:00.883     50.60  HENRY -v5.75 -vb79 -vi7 -vr63 -vt0 
TACKLE9          5168      115  0:00.883     46.81  HENRY -v5.75 -vb79 -vi7 -vr63 -vt0 
TD              46438      572  0:04.393     84.57  HENRY -v3.75 -vb95 -vi7 -vr79 -vt0 
VPHITGD1         1044       65  0:00.499     16.73  HENRY -v7.00 -vb47 -vi7 -vt1 
VPIMCLR          2754      139  0:01.068     20.64  HENRY -v7.50 -vb47 -vi7 -vt1 
WHISTSHR         6068      123  0:00.945     51.39  HENRY -v5.00 -vb95 -vi7 -vr79 -vt3 
WHSTLNG1         5796       99  0:00.760     60.98  HENRY -v5.00 -vb95 -vi7 -vr79 -vt3 
 
NFL Blitz 2000 Video Game (c) 1999 Midway Games -  (08/22/99 00:34:20) page 6


Summary

Total Average Bitrate:  40.3 kbits/sec
Total Time:             1:36.929 minutes
Total Number of .CMP's: 91
Total Size of .CMP's:   476.59 kbytes
