NFL Blitz 2000 Video Game (c) 1999 Midway Games -  (08/20/99 23:20:29) page 1

PLBUILD version 3.0G

Bank Information
----------------

Bank name: REDSKINS.BNK

Size of .BNK file including header: 42774 bytes ($A716 bytes)

Size of playlist table: 84 bytes ($54 bytes)

Size of playlist and sound data only: 42556 bytes ($A63C bytes)

Checksum: $55FE

Total number of playlists: 15 ($F)

Total number of sound files: 15 ($F)

Average bit rate for bank: 23.8 kbits/sec

Total linear amount of sound: 0:14.216 (min:sec.msec)



Playlist Table

  Dec  Hex   # Trks  Video  Pinball  Description
  ---- ----- ------ ------- -------  -----------
  0    $0000   1       45.6    52.3  TK: Washington ... (down by - leads by - etc.)
  1    $0001   1       51.9    59.5  TK: The Redskins ... (down by - lead by - etc.)
  2    $0002   1       82.5    94.6  TK: The Washington Redskins ... (first position)
  3    $0003   1      101.3   116.2  TK: ... the Washington Redskins (second position)

  10   $000a   1       35.6    40.8  TK: QB Normal (Johnson)
  11   $000b   1       24.3    27.8  TK: Weapon #1 Normal (Hicks)
  12   $000c   1       36.8    42.2  TK: Weapon #2 Normal (Westbrook)
  13   $000d   1       46.0    52.8  TK: Weapon #3 Normal (Alexander)
  14   $000e   1       36.0    41.3  TK: "to" Weapon #1 (Hicks)
  15   $000f   1       44.4    50.9  TK: "to" Weapon #2 (Westbrook)
  16   $0010   1       48.6    55.7  TK: "to" Weapon #3 (Alexander)
  17   $0011   1       55.7    63.8  TK: QB Pumped up (Johnson)
  18   $0012   1       36.8    42.2  TK: Weapon #1 Pumped up (Hicks)
  19   $0013   1       46.5    53.3  TK: Weapon #2 Pumped up (Westbrook)
  20   $0014   1       83.7    96.0  TK: Weapon #3 Pumped up (Alexander)

Total 15 Playlists
 
NFL Blitz 2000 Video Game (c) 1999 Midway Games -  (08/20/99 23:20:29) page 2


Region Table 

File         Size      Length   Length    Bitrate   Compression
Name         bytes     frames   seconds   kbit/sec  Parameters
-----------  --------  -------  --------  --------  -----------
TKRDSKN1         2640      123  0:00.945     22.36  HENRY -v6.75 -vb47 -vi7 -vt1 
TKTM15P1         2274       88  0:00.676     26.92  HENRY -v7.50 -vb47 -vi7 -vt3 
TKTM15P2         2238      111  0:00.852     21.00  HENRY -v7.50 -vb47 -vi7 -vt3 
TKTM15P3         5028      200  0:01.536     26.19  HENRY -v7.50 -vb47 -vi7 -vt3 
TKTM15Q1         2102       85  0:00.653     25.76  HENRY -v7.50 -vb47 -vi7 -vt3 
TKTM15Q2         3526      133  0:01.021     27.62  HENRY -v7.50 -vb47 -vi7 -vt3 
TKTM15T1         1936       86  0:00.660     23.45  HENRY -v7.50 -vb47 -vi7 -vt3 
TKTM15T2         1838      106  0:00.814     18.06  HENRY -v7.50 -vb47 -vi7 -vt3 
TKTM15T3         2614      116  0:00.891     23.47  HENRY -v7.50 -vb47 -vi7 -vt3 
TKTM15W1         1248       58  0:00.445     22.41  HENRY -v7.50 -vb47 -vi7 -vt3 
TKTM15W2         1282       88  0:00.676     15.18  HENRY -v7.50 -vb47 -vi7 -vt3 
TKTM15W3         2564      110  0:00.845     24.28  HENRY -v7.50 -vb47 -vi7 -vt3 
TKWASH1          2474      108  0:00.829     23.86  HENRY -v6.75 -vb47 -vi7 -vt1 
TKWSHRS1         4770      197  0:01.513     25.22  HENRY -v6.75 -vb47 -vi7 -vt1 
TKWSHRS2         5712      242  0:01.859     24.59  HENRY -v6.75 -vb47 -vi7 -vt1 
 
NFL Blitz 2000 Video Game (c) 1999 Midway Games -  (08/20/99 23:20:29) page 3


Summary

Total Average Bitrate:  23.8 kbits/sec
Total Time:             0:14.216 minutes
Total Number of .CMP's: 15
Total Size of .CMP's:    41.26 kbytes
