NFL Football Video Game (c) 1997 Midway Games - DW (10/06/97 02:02:26) page 1

PLBUILD version 3.0G

Bank Information
----------------

Bank name: ROOT.BNK

Size of .BNK file including header: 2530 bytes ($9E2 bytes)

Size of playlist table: 8 bytes ($8 bytes)

Size of playlist and sound data only: 2388 bytes ($954 bytes)

Checksum: $A110

Total number of playlists: 2 ($2)

Total number of sound files: 2 ($2)

Average bit rate for bank: 23.3 kbits/sec

Total linear amount of sound: 0:00.806 (min:sec.msec)



Playlist Table

  Dec  Hex   # Trks  Video  Pinball  Description
  ---- ----- ------ ------- -------  -----------
  0    $0000   1       20.1    23.0  TK: Root ... #1
  1    $0001   1       23.9    27.4  TK: Root ... #2

Total 2 Playlists
 
NFL Football Video Game (c) 1997 Midway Games - DW (10/06/97 02:02:26) page 2


Region Table 

File         Size      Length   Length    Bitrate   Compression
Name         bytes     frames   seconds   kbit/sec  Parameters
-----------  --------  -------  --------  --------  -----------
TMROOT1          1056       48  0:00.369     22.92  HENRY -v6.75 -vb47 -vi7 -vt1 
TMROOT2          1296       57  0:00.438     23.68  HENRY -v6.75 -vb47 -vi7 -vt1 
 
NFL Football Video Game (c) 1997 Midway Games - DW (10/06/97 02:02:26) page 3


Summary

Total Average Bitrate:  23.3 kbits/sec
Total Time:             0:00.806 minutes
Total Number of .CMP's: 2
Total Size of .CMP's:     2.30 kbytes
