NFL Blitz 2000 Video Game (c) 1999 Midway Games -  (08/20/99 23:22:02) page 1

PLBUILD version 3.0G

Bank Information
----------------

Bank name: SEAHAWKS.BNK

Size of .BNK file including header: 44966 bytes ($AFA6 bytes)

Size of playlist table: 84 bytes ($54 bytes)

Size of playlist and sound data only: 44748 bytes ($AECC bytes)

Checksum: $01FE

Total number of playlists: 15 ($F)

Total number of sound files: 15 ($F)

Average bit rate for bank: 24.3 kbits/sec

Total linear amount of sound: 0:14.607 (min:sec.msec)



Playlist Table

  Dec  Hex   # Trks  Video  Pinball  Description
  ---- ----- ------ ------- -------  -----------
  0    $0000   1       35.6    40.8  TK: Seattle ... (down by - leads by - etc.)
  1    $0001   1       53.6    61.4  TK: The Seahawks ... (down by - lead by - etc.)
  2    $0002   1       78.7    90.2  TK: The Seattle Seahawks ... (first position)
  3    $0003   1       97.1   111.4  TK: ... the Seattle Seahawks (second position)

  10   $000a   1       27.6    31.7  TK: QB Normal (Kitna)
  11   $000b   1       36.4    41.8  TK: Weapon #1 Normal (Watters)
  12   $000c   1       31.4    36.0  TK: Weapon #2 Normal (Fauria)
  13   $000d   1       42.7    49.0  TK: Weapon #3 Normal (Galloway)
  14   $000e   1       47.3    54.2  TK: "to" Weapon #1 (Watters)
  15   $000f   1       46.5    53.3  TK: "to" Weapon #2 (Fauria)
  16   $0010   1       54.4    62.4  TK: "to" Weapon #3 (Galloway)
  17   $0011   1       54.8    62.9  TK: QB Pumped up (Kitna)
  18   $0012   1       55.7    63.8  TK: Weapon #1 Pumped up (Watters)
  19   $0013   1       75.8    86.9  TK: Weapon #2 Pumped up (Fauria)
  20   $0014   1       59.4    68.2  TK: Weapon #3 Pumped up (Galloway)

Total 15 Playlists
 
NFL Blitz 2000 Video Game (c) 1999 Midway Games -  (08/20/99 23:22:02) page 2


Region Table 

File         Size      Length   Length    Bitrate   Compression
Name         bytes     frames   seconds   kbit/sec  Parameters
-----------  --------  -------  --------  --------  -----------
TKSEASH1         4816      188  0:01.444     26.68  HENRY -v6.75 -vb47 -vi7 -vt1 
TKSEASH2         5766      232  0:01.782     25.89  HENRY -v6.75 -vb47 -vi7 -vt1 
TKSEATL1         2042       84  0:00.645     25.32  HENRY -v6.75 -vb47 -vi7 -vt1 
TKSHWKS1         2768      127  0:00.975     22.70  HENRY -v6.75 -vb47 -vi7 -vt1 
TKTM25P1         3078      133  0:01.021     24.11  HENRY -v7.50 -vb47 -vi7 -vt3 
TKTM25P2         4366      181  0:01.390     25.13  HENRY -v7.50 -vb47 -vi7 -vt3 
TKTM25P3         3722      142  0:01.091     27.30  HENRY -v7.50 -vb47 -vi7 -vt3 
TKTM25Q1         1380       66  0:00.507     21.78  HENRY -v7.50 -vb47 -vi7 -vt3 
TKTM25Q2         3178      131  0:01.006     25.27  HENRY -v7.50 -vb47 -vi7 -vt3 
TKTM25T1         2298      113  0:00.868     21.18  HENRY -v7.50 -vb47 -vi7 -vt3 
TKTM25T2         2322      111  0:00.852     21.79  HENRY -v7.50 -vb47 -vi7 -vt3 
TKTM25T3         3050      130  0:00.998     24.44  HENRY -v7.50 -vb47 -vi7 -vt3 
TKTM25W1         1606       87  0:00.668     19.23  HENRY -v7.50 -vb47 -vi7 -vt3 
TKTM25W2         1782       75  0:00.576     24.75  HENRY -v7.50 -vb47 -vi7 -vt3 
TKTM25W3         2264      102  0:00.783     23.12  HENRY -v7.50 -vb47 -vi7 -vt3 
 
NFL Blitz 2000 Video Game (c) 1999 Midway Games -  (08/20/99 23:22:02) page 3


Summary

Total Average Bitrate:  24.3 kbits/sec
Total Time:             0:14.607 minutes
Total Number of .CMP's: 15
Total Size of .CMP's:    43.40 kbytes
