NFL Football Video Game (c) 1997 Midway Games - DW (10/06/97 02:02:27) page 1

PLBUILD version 3.0G

Bank Information
----------------

Bank name: SKILES.BNK

Size of .BNK file including header: 4760 bytes ($1298 bytes)

Size of playlist table: 8 bytes ($8 bytes)

Size of playlist and sound data only: 4618 bytes ($120A bytes)

Checksum: $B0B7

Total number of playlists: 2 ($2)

Total number of sound files: 2 ($2)

Average bit rate for bank: 24.6 kbits/sec

Total linear amount of sound: 0:01.490 (min:sec.msec)



Playlist Table

  Dec  Hex   # Trks  Video  Pinball  Description
  ---- ----- ------ ------- -------  -----------
  0    $0000   1       38.5    44.2  TK: Skiles ... #1
  1    $0001   1       42.7    49.0  TK: Skiles ... #2

Total 2 Playlists
 
NFL Football Video Game (c) 1997 Midway Games - DW (10/06/97 02:02:27) page 2


Region Table 

File         Size      Length   Length    Bitrate   Compression
Name         bytes     frames   seconds   kbit/sec  Parameters
-----------  --------  -------  --------  --------  -----------
TMSKILE1         2056       92  0:00.707     23.28  HENRY -v6.75 -vb47 -vi7 -vt1 
TMSKILE2         2526      102  0:00.783     25.80  HENRY -v6.75 -vb47 -vi7 -vt1 
 
NFL Football Video Game (c) 1997 Midway Games - DW (10/06/97 02:02:27) page 3


Summary

Total Average Bitrate:  24.6 kbits/sec
Total Time:             0:01.490 minutes
Total Number of .CMP's: 2
Total Size of .CMP's:     4.47 kbytes
