NFL Blitz 2000 Video Game (c) 1999 Midway Games -  (08/17/99 15:12:55) page 1

PLBUILD version 3.0G

Bank Information
----------------

Bank name: STEELERS.BNK

Size of .BNK file including header: 37170 bytes ($9132 bytes)

Size of playlist table: 84 bytes ($54 bytes)

Size of playlist and sound data only: 36952 bytes ($9058 bytes)

Checksum: $6D01

Total number of playlists: 15 ($F)

Total number of sound files: 15 ($F)

Average bit rate for bank: 22.0 kbits/sec

Total linear amount of sound: 0:13.348 (min:sec.msec)



Playlist Table

  Dec  Hex   # Trks  Video  Pinball  Description
  ---- ----- ------ ------- -------  -----------
  0    $0000   1       33.9    38.9  TK: Pittsburgh ... (down by - leads by - etc.)
  1    $0001   1       51.1    58.6  TK: The Steelers ... (down by - lead by - etc.)
  2    $0002   1       86.2    98.9  TK: The Pittsburgh Steelers ... (first position)
  3    $0003   1       99.6   114.2  TK: ... the Pittsburgh Steelers (second position)

  10   $000a   1       26.4    30.2  TK: QB Normal (Stewart)
  11   $000b   1       33.1    37.9  TK: Weapon #1 Normal (Bruener)
  12   $000c   1       31.0    35.5  TK: Weapon #2 Normal (Bettis)
  13   $000d   1       33.1    37.9  TK: Weapon #3 Normal (Johnson)
  14   $000e   1       43.5    49.9  TK: "to" Weapon #1 (Bruener)
  15   $000f   1       47.3    54.2  TK: "to" Weapon #2 (Bettis)
  16   $0010   1       41.9    48.0  TK: "to" Weapon #3 (Johnson)
  17   $0011   1       38.9    44.6  TK: QB Pumped up (Stewart)
  18   $0012   1       52.3    60.0  TK: Weapon #1 Pumped up (Bruener)
  19   $0013   1       50.2    57.6  TK: Weapon #2 Pumped up (Bettis)
  20   $0014   1       59.9    68.6  TK: Weapon #3 Pumped up (Johnson)

Total 15 Playlists
 
NFL Blitz 2000 Video Game (c) 1999 Midway Games -  (08/17/99 15:12:55) page 2


Region Table 

File         Size      Length   Length    Bitrate   Compression
Name         bytes     frames   seconds   kbit/sec  Parameters
-----------  --------  -------  --------  --------  -----------
TKPITTS1         4198      206  0:01.582     21.23  HENRY -v6.75 -vb47 -vi7 -vt1 
TKPITTS2         4762      238  0:01.828     20.84  HENRY -v6.75 -vb47 -vi7 -vt1 
TKPTTSB1         1528       80  0:00.614     19.90  HENRY -v6.75 -vb47 -vi7 -vt1 
TKSTEEL1         2798      121  0:00.929     24.09  HENRY -v6.75 -vb47 -vi7 -vt1 
TKTM20P1         2922      125  0:00.960     24.35  HENRY -v7.50 -vb47 -vi7 -vt3 
TKTM20P2         2378      120  0:00.922     20.64  HENRY -v7.50 -vb47 -vi7 -vt3 
TKTM20P3         3454      143  0:01.098     25.16  HENRY -v7.50 -vb47 -vi7 -vt3 
TKTM20Q1         1260       63  0:00.484     20.83  HENRY -v7.50 -vb47 -vi7 -vt3 
TKTM20Q2         1792       93  0:00.714     20.07  HENRY -v7.50 -vb47 -vi7 -vt3 
TKTM20T1         2272      104  0:00.799     22.76  HENRY -v7.50 -vb47 -vi7 -vt3 
TKTM20T2         2160      113  0:00.868     19.91  HENRY -v7.50 -vb47 -vi7 -vt3 
TKTM20T3         2462      100  0:00.768     25.65  HENRY -v7.50 -vb47 -vi7 -vt3 
TKTM20W1         1406       79  0:00.607     18.54  HENRY -v7.50 -vb47 -vi7 -vt3 
TKTM20W2         1398       74  0:00.568     19.68  HENRY -v7.50 -vb47 -vi7 -vt3 
TKTM20W3         1852       79  0:00.607     24.42  HENRY -v7.50 -vb47 -vi7 -vt3 
 
NFL Blitz 2000 Video Game (c) 1999 Midway Games -  (08/17/99 15:12:55) page 3


Summary

Total Average Bitrate:  22.0 kbits/sec
Total Time:             0:13.348 minutes
Total Number of .CMP's: 15
Total Size of .CMP's:    35.78 kbytes
