NFL Blitz 2000 Video Game (c) 1999 Midway Games -  (08/27/99 13:43:32) page 1

PLBUILD version 3.0G

Bank Information
----------------

Bank name: TAUNTS4.BNK

Size of .BNK file including header: 157716 bytes ($26814 bytes)

Size of playlist table: 216 bytes ($D8 bytes)

Size of playlist and sound data only: 157366 bytes ($266B6 bytes)

Checksum: $F6BC

Total number of playlists: 37 ($25)

Total number of sound files: 41 ($29)

Average bit rate for bank: 19.6 kbits/sec

Total linear amount of sound: 1:04.044 (min:sec.msec)



Playlist Table

  Dec  Hex   # Trks  Video  Pinball  Description
  ---- ----- ------ ------- -------  -----------
  0    $0000   1       99.6   114.2   SD: I'm so good I oughta be illegal!
  1    $0001   1      128.5   147.4  BS: All me baby all me!
  2    $0002   1      108.4   124.3  SD: You cannot touch this!!
  3    $0003   1       53.6    61.4  DF: Yeah!!
  4    $0004   1       65.3    74.9  VP: Yah baby!!

  10   $000a   1       84.5    97.0  DF: Whooaaa (stumble run)
  11   $000b   1       92.1   105.6  SD: Aaahhh (stumble run)
  12   $000c   1      113.8   130.6  SD: Na na na na na na (skipping run)
  13   $000d   1      122.6   140.6  SD: La la la la la la (skipping run)

  16   $0010   1      102.5   117.6  SD: Try blocking a little!

  18   $0012   1       78.3    89.8  SD: C'mon try to get open!!

  20   $0014   1       90.4   103.7  VP: I put the hurt on you boy!
  21   $0015   1       92.1   105.6  VP: You're in my house now suckah!!
  22   $0016   1       87.5   100.3  BS: Too much for you to handle!
  23   $0017   1       92.1   105.6  VP: C'mon get up punk ... get up!!

  25   $0019   1      121.8   139.7  VP: I'll send you back to your mother in a box!!
  26   $001a   1      112.2   128.6  BS: I'll tear down the house you live in!

  28   $001c   1      126.8   145.4  SD: Oh man I think it's broken
  29   $001d   1      122.6   140.6  SD: Oww that hurts
  30   $001e   1       60.3    69.1  SD: Head Shake
  31   $001f   1      125.6   144.0  SD: Stomach hit cough (#2)
  32   $0020   1       86.2    98.9  SD: Oww my nose!
  33   $0021   1       64.5    73.9  VP: Owwww!
 
NFL Blitz 2000 Video Game (c) 1999 Midway Games -  (08/27/99 13:43:32) page 2


Playlist Table (continued)

  Dec  Hex   # Trks  Video  Pinball  Description
  ---- ----- ------ ------- -------  -----------
  34   $0022   1       38.5    44.2  SD: C'mon get up
  35   $0023   1       41.4    47.5  VP: Thanks man

  37   $0025   1       85.8    98.4  SD: Carrying Defenders grunts
  38   $0026   1       50.2    57.6  VP: Get off me!

  40   $0028   1      115.9   133.0  SD: Laugh
  41   $0029   1      143.1   164.2  SD: Ha ha ha ... loser
  42   $002a   1      142.3   163.2  DF: Ha ha ha you know how stupid you look?

  45   $002d   1       63.6    73.0  DF: Oh No!!
  46   $002e   1       73.2    84.0  VP: Oh man I suck!!
  47   $002f   1       80.8    92.6  DF: Oh how did I miss that!?!

  50   $0032   1      120.5   138.2  BS: I'm a 1 man team whooo!
  51   $0033   1      162.4   186.2  BS: I'm too much!
  52   $0034   1      103.8   119.0  BS: Oh yeah look at me go!
  53   $0035   1       86.6    99.4  BS: Nothin' but skill!

Total 37 Playlists
 
NFL Blitz 2000 Video Game (c) 1999 Midway Games -  (08/27/99 13:43:32) page 3


Region Table 

File         Size      Length   Length    Bitrate   Compression
Name         bytes     frames   seconds   kbit/sec  Parameters
-----------  --------  -------  --------  --------  -----------
BS1MANTM         5820      276  0:02.120     21.97  HENRY -v7.50 -vb47 -vi7 -vt3 
BS2MUCH          7536      375  0:02.880     20.93  HENRY -v7.50 -vb47 -vi7 -vt3 
BS2MUCH2         3900      198  0:01.521     20.52  HENRY -v7.50 -vb47 -vi7 -vt3 
BSALLME          5852      301  0:02.312     20.25  HENRY -v7.50 -vb47 -vi7 -vt3 
BSHOUSE          5392      265  0:02.035     21.19  HENRY -v7.50 -vb47 -vi7 -vt3 
BSLKATME         4780      238  0:01.828     20.92  HENRY -v7.50 -vb47 -vi7 -vt3 
BSSKILL2         3054      207  0:01.590     15.37  HENRY -v7.50 -vb47 -vi7 -vt3 
DFLAFF3          2294      122  0:00.937     19.59  HENRY -v7.00 -vb47 -vi7 -vt1 
DFMISTHT         4182      193  0:01.482     22.57  HENRY -v7.50 -vb47 -vi7 -vt1 
DFOHNO           3048      152  0:01.167     20.89  HENRY -v7.50 -vb47 -vi7 -vt1 
DFSTPDLK         3358      218  0:01.674     16.05  HENRY -v7.00 -vb47 -vi7 -vt1 
DFWHOOAA         4216      202  0:01.551     21.74  HENRY -v7.00 -vb47 -vi7 -vt1 
DFYEAH           2516      128  0:00.983     20.48  HENRY -v7.00 -vb47 -vi7 -vt1 
SDAAHH           5884      220  0:01.690     27.86  HENRY -v7.00 -vb47 -vi7 -vt1 
SDBROKEN         5790      302  0:02.319     19.97  HENRY -v7.50 -vb47 -vi7 -vt1 
SDCARRY1          682       38  0:00.292     18.70  HENRY -v7.50 -vb47 -vi7 -vt1 
SDCARRY2          638       34  0:00.261     19.55  HENRY -v7.50 -vb47 -vi7 -vt1 
SDCARRY3          768       35  0:00.269     22.86  HENRY -v7.50 -vb47 -vi7 -vt1 
SDCARRY4          728       38  0:00.292     19.96  HENRY -v7.50 -vb47 -vi7 -vt1 
SDCMNGTP         1372       92  0:00.707     15.53  HENRY -v7.50 -vb47 -vi7 -vt1 
SDCOUGH2         4996      300  0:02.304     17.35  HENRY -v7.50 -vb47 -vi7 -vt1 
SDGETOPN         3302      187  0:01.436     18.39  HENRY -v7.50 -vb47 -vi7 -vt1 
SDHDSHKE         2844      144  0:01.106     20.57  HENRY -v7.50 -vb47 -vi7 -vt1 
SDHURTS          5664      293  0:02.250     20.14  HENRY -v7.50 -vb47 -vi7 -vt1 
SDILEGAL         4470      238  0:01.828     19.56  HENRY -v7.50 -vb47 -vi7 -vt1 
SDLAFF1          3598      276  0:02.120     13.58  HENRY -v7.50 -vb47 -vi7 -vt1 
SDLALALA         4886      293  0:02.250     17.37  HENRY -v7.50 -vb47 -vi7 -vt1 
SDLSRLAF         5868      342  0:02.627     17.87  HENRY -v7.00 -vb47 -vi7 -vt1 
SDNANANA         5138      272  0:02.089     19.68  HENRY -v7.50 -vb47 -vi7 -vt1 
SDNOTTCH         5156      259  0:01.989     20.74  HENRY -v7.50 -vb47 -vi7 -vt1 
SDOWNOSE         4478      206  0:01.582     22.64  HENRY -v7.50 -vb47 -vi7 -vt1 
SDTRYBLK         4128      245  0:01.882     17.55  HENRY -v7.50 -vb47 -vi7 -vt1 
VPGETUP          3670      220  0:01.690     17.38  HENRY -v7.50 -vb47 -vi7 -vt1 
VPGTOFME         2304      120  0:00.922     20.00  HENRY -v7.50 -vb47 -vi7 -vt1 
VPHOUSE          3652      220  0:01.690     17.29  HENRY -v7.50 -vb47 -vi7 -vt1 
VPISUCK          3750      175  0:01.344     22.32  HENRY -v7.50 -vb47 -vi7 -vt1 
VPMTHRBX         4242      291  0:02.235     15.18  HENRY -v7.50 -vb47 -vi7 -vt1 
VPOWWW2          4036      153  0:01.175     27.48  HENRY -v7.50 -vb47 -vi7 -vt1 
VPPUTHRT         3988      216  0:01.659     19.23  HENRY -v7.50 -vb47 -vi7 -vt1 
VPTHANKS         1898       99  0:00.760     19.97  HENRY -v7.50 -vb47 -vi7 -vt1 
VPYABABY         2790      156  0:01.198     18.63  HENRY -v7.50 -vb47 -vi7 -vt1 
 
NFL Blitz 2000 Video Game (c) 1999 Midway Games -  (08/27/99 13:43:32) page 4


Summary

Total Average Bitrate:  19.6 kbits/sec
Total Time:             1:04.044 minutes
Total Number of .CMP's: 41
Total Size of .CMP's:   153.00 kbytes
