NFL Blitz 99 Video Game (c) 1998 Midway Games - DW (08/06/98 13:37:12) page 1

PLBUILD version 3.0G

Bank Information
----------------

Bank name: TAUNTS2.BNK

Size of .BNK file including header: 117534 bytes ($1CB1E bytes)

Size of playlist table: 208 bytes ($D0 bytes)

Size of playlist and sound data only: 117192 bytes ($1C9C8 bytes)

Checksum: $C838

Total number of playlists: 29 ($1D)

Total number of sound files: 38 ($26)

Average bit rate for bank: 18.6 kbits/sec

Total linear amount of sound: 0:50.258 (min:sec.msec)



Playlist Table

  Dec  Hex   # Trks  Video  Pinball  Description
  ---- ----- ------ ------- -------  -----------
  0    $0000   1       68.2    78.2  SD: Yeah baby!!
  1    $0001   1       87.9   100.8  VP: Whoomp there it is!
  2    $0002   1       82.9    95.0  DF: I'm so bad!
  3    $0003   1       49.8    57.1  DF: I'm good!!

  5    $0005   1       53.6    61.4  DF: Yeaahh!!

  10   $000a   1       84.5    97.0  DF: Whooaaaa! (running scared)
  11   $000b   1       92.1   105.6  SD: Aaaahhhhh! (running scared)

  15   $000f   1      106.3   121.9  SD: A little protection would be nice
  16   $0010   1      120.5   138.2  SD: Can't you idiots do anything right?
  17   $0011   1       90.4   103.7  SD: Squeal like a pig #2

  20   $0014   1      134.8   154.6  VP: I will rip you limb from limb!
  21   $0015   1       62.4    71.5  SD: Eat some of this!
  22   $0016   1      125.6   144.0  SD: I beat you like a dog ...a dog y'hear!
  23   $0017   1       62.8    72.0  VP: I kicked your butt
  24   $0018   1      133.1   152.6  SD: I kill you and take your power
  25   $0019   1      118.9   136.3  SD: How'd that butt-kickin' feel punk!?!
  26   $001a   1      149.4   171.4  SD: Don't you dare get up ... stay stay boy!
  27   $001b   1       68.2    78.2  DF: Did that hurt?!?

  31   $001f   1       44.8    51.4  DF: You want this?

  35   $0023   1       58.6    67.2  DF: That was too easy!

  40   $0028   1       33.9    38.9  DF: You suck!
  41   $0029   1      125.1   143.5  DF: <Laugh> ... You look so stupid
 
NFL Blitz 99 Video Game (c) 1998 Midway Games - DW (08/06/98 13:37:12) page 2


Playlist Table (continued)

  Dec  Hex   # Trks  Video  Pinball  Description
  ---- ----- ------ ------- -------  -----------
  42   $002a   1      141.1   161.8  DF: <Laugh> ... loser!

  44   $002c   1      131.8   151.2  SD: You don't want any of this you don't want this
  45   $002d   1      108.8   124.8  SD: Oh yeah my mother hits harder ...

  47   $002f   1      130.6   149.8  DF: Uh uh uh I don't think so
  48   $0030   1      133.9   153.6  DF: No no no you can't take me

  50   $0032   1       82.5    94.6  SD: I'm gonna bust you up
  51   $0033   1       59.0    67.7  RC: Oh my knee!!

Total 29 Playlists
 
NFL Blitz 99 Video Game (c) 1998 Midway Games - DW (08/06/98 13:37:12) page 3


Region Table 

File         Size      Length   Length    Bitrate   Compression
Name         bytes     frames   seconds   kbit/sec  Parameters
-----------  --------  -------  --------  --------  -----------
DFCNTTAK         2992      160  0:01.229     19.48  HENRY -v7.00 -vb47 -vi7 -vt1 
DFDIDHRT         2830      163  0:01.252     18.09  HENRY -v7.00 -vb47 -vi7 -vt1 
DFDNTTHK         3004      171  0:01.313     18.30  HENRY -v7.00 -vb47 -vi7 -vt1 
DFIMGOOD         2210      119  0:00.914     19.35  HENRY -v7.00 -vb47 -vi7 -vt1 
DFLAFF1          3654      201  0:01.544     18.94  HENRY -v7.00 -vb47 -vi7 -vt1 
DFLAFF3          2294      122  0:00.937     19.59  HENRY -v7.00 -vb47 -vi7 -vt1 
DFLKSOST         2136      177  0:01.359     12.57  HENRY -v7.00 -vb47 -vi7 -vt1 
DFLOSER          2358      136  0:01.044     18.06  HENRY -v7.00 -vb47 -vi7 -vt1 
DFNONONO         2860      160  0:01.229     18.62  HENRY -v7.00 -vb47 -vi7 -vt1 
DFSOBAD          3320      198  0:01.521     17.47  HENRY -v7.00 -vb47 -vi7 -vt1 
DFTOOEZ          2984      140  0:01.075     22.20  HENRY -v7.00 -vb47 -vi7 -vt1 
DFUHUHUH         2744      141  0:01.083     20.27  HENRY -v7.00 -vb47 -vi7 -vt1 
DFUSUCK          1570       81  0:00.622     20.19  HENRY -v7.00 -vb47 -vi7 -vt1 
DFUWNTTH         1786      107  0:00.822     17.39  HENRY -v7.00 -vb47 -vi7 -vt1 
DFWHOOAA         4216      202  0:01.551     21.74  HENRY -v7.00 -vb47 -vi7 -vt1 
DFYEAH           2516      128  0:00.983     20.48  HENRY -v7.00 -vb47 -vi7 -vt1 
RCKNEE           2302      141  0:01.083     17.01  HENRY -v7.50 -vb47 -vi7 -vt1 
SDAAHH           5884      220  0:01.690     27.86  HENRY -v7.00 -vb47 -vi7 -vt1 
SDBTLKDG         2350      153  0:01.175     16.00  HENRY -v7.00 -vb47 -vi7 -vt1 
SDBUSTUP         2682      196  0:01.505     14.25  HENRY -v7.00 -vb47 -vi7 -vt1 
SDDGHEAR         2654      146  0:01.121     18.94  HENRY -v7.00 -vb47 -vi7 -vt1 
SDDNTANY         3070      142  0:01.091     22.52  HENRY -v7.00 -vb47 -vi7 -vt1 
SDDTGTUP         1810      134  0:01.029     14.07  HENRY -v7.00 -vb47 -vi7 -vt1 
SDEATSUM         2378      149  0:01.144     16.62  HENRY -v7.00 -vb47 -vi7 -vt1 
SDFEELPK         3710      284  0:02.181     13.61  HENRY -v7.00 -vb47 -vi7 -vt1 
SDIDIOTS         5354      288  0:02.212     19.36  HENRY -v7.00 -vb47 -vi7 -vt1 
SDKLLPWR         5906      318  0:02.442     19.35  HENRY -v7.00 -vb47 -vi7 -vt1 
SDMTHRHT         3346      188  0:01.444     18.54  HENRY -v7.00 -vb47 -vi7 -vt1 
SDOHYEAH         1306       72  0:00.553     18.89  HENRY -v7.00 -vb47 -vi7 -vt1 
SDPRTNCE         4624      254  0:01.951     18.96  HENRY -v7.00 -vb47 -vi7 -vt1 
SDSQUEL2         3658      216  0:01.659     17.64  HENRY -v7.00 -vb47 -vi7 -vt1 
SDSTAY1          1310       89  0:00.684     15.33  HENRY -v7.00 -vb47 -vi7 -vt1 
SDSTAY2          1784      132  0:01.014     14.08  HENRY -v7.00 -vb47 -vi7 -vt1 
SDUDNTWT         3192      173  0:01.329     19.22  HENRY -v7.00 -vb47 -vi7 -vt1 
SDYABABY         3122      162  0:01.244     20.07  HENRY -v7.00 -vb47 -vi7 -vt1 
VPKCKBUT         2580      150  0:01.152     17.92  HENRY -v7.00 -vb47 -vi7 -vt1 
VPRIPLMB         5562      321  0:02.465     18.05  HENRY -v7.00 -vb47 -vi7 -vt1 
VPWHMPTH         4540      210  0:01.613     22.52  HENRY -v7.00 -vb47 -vi7 -vt1 
 
NFL Blitz 99 Video Game (c) 1998 Midway Games - DW (08/06/98 13:37:12) page 4


Summary

Total Average Bitrate:  18.6 kbits/sec
Total Time:             0:50.258 minutes
Total Number of .CMP's: 38
Total Size of .CMP's:   113.87 kbytes
