NFL Football Video Game (c) 1997 Midway Games - DW (10/06/97 02:02:27) page 1

PLBUILD version 3.0G

Bank Information
----------------

Bank name: THOMPSON.BNK

Size of .BNK file including header: 4140 bytes ($102C bytes)

Size of playlist table: 8 bytes ($8 bytes)

Size of playlist and sound data only: 3998 bytes ($F9E bytes)

Checksum: $2989

Total number of playlists: 2 ($2)

Total number of sound files: 2 ($2)

Average bit rate for bank: 25.8 kbits/sec

Total linear amount of sound: 0:01.229 (min:sec.msec)



Playlist Table

  Dec  Hex   # Trks  Video  Pinball  Description
  ---- ----- ------ ------- -------  -----------
  0    $0000   1       33.5    38.4  TK: Thompson ... #1
  1    $0001   1       33.5    38.4  TK: Thompson ... #2

Total 2 Playlists
 
NFL Football Video Game (c) 1997 Midway Games - DW (10/06/97 02:02:27) page 2


Region Table 

File         Size      Length   Length    Bitrate   Compression
Name         bytes     frames   seconds   kbit/sec  Parameters
-----------  --------  -------  --------  --------  -----------
TMTMPSN1         1924       80  0:00.614     25.05  HENRY -v6.75 -vb47 -vi7 -vt1 
TMTMPSN2         2038       80  0:00.614     26.54  HENRY -v6.75 -vb47 -vi7 -vt1 
 
NFL Football Video Game (c) 1997 Midway Games - DW (10/06/97 02:02:27) page 3


Summary

Total Average Bitrate:  25.8 kbits/sec
Total Time:             0:01.229 minutes
Total Number of .CMP's: 2
Total Size of .CMP's:     3.87 kbytes
