NFL Blitz 2000 Video Game (c) 1999 Midway Games -  (08/17/99 15:12:57) page 1

PLBUILD version 3.0G

Bank Information
----------------

Bank name: TITANS.BNK

Size of .BNK file including header: 39826 bytes ($9B92 bytes)

Size of playlist table: 84 bytes ($54 bytes)

Size of playlist and sound data only: 39608 bytes ($9AB8 bytes)

Checksum: $CAD7

Total number of playlists: 15 ($F)

Total number of sound files: 15 ($F)

Average bit rate for bank: 23.0 kbits/sec

Total linear amount of sound: 0:13.678 (min:sec.msec)



Playlist Table

  Dec  Hex   # Trks  Video  Pinball  Description
  ---- ----- ------ ------- -------  -----------
  0    $0000   1       43.9    50.4  TK: Tennessee ... (down by - leads by - etc.)
  1    $0001   1       41.4    47.5  TK: The Titans ... (down by - lead by - etc.)
  2    $0002   1       78.3    89.8  TK: The Tennessee Titans ... (first position)
  3    $0003   1       81.6    93.6  TK: ... the Tennessee Titans (second position)

  10   $000a   1       36.8    42.2  TK: QB Normal (McNair)
  11   $000b   1       32.2    37.0  TK: Weapon #1 Normal (George)
  12   $000c   1       38.9    44.6  TK: Weapon #2 Normal (Dyson)
  13   $000d   1       36.8    42.2  TK: Weapon #3 Normal (Thigpen)
  14   $000e   1       47.7    54.7  TK: "to" Weapon #1 (George)
  15   $000f   1       49.0    56.2  TK: "to" Weapon #2 (Dyson)
  16   $0010   1       48.1    55.2  TK: "to" Weapon #3 (Thigpen)
  17   $0011   1       45.6    52.3  TK: QB Pumped up (McNair)
  18   $0012   1       53.2    61.0  TK: Weapon #1 Pumped up (George)
  19   $0013   1       54.4    62.4  TK: Weapon #2 Pumped up (Dyson)
  20   $0014   1       57.3    65.8  TK: Weapon #3 Pumped up (Thigpen)

Total 15 Playlists
 
NFL Blitz 2000 Video Game (c) 1999 Midway Games -  (08/17/99 15:12:57) page 2


Region Table 

File         Size      Length   Length    Bitrate   Compression
Name         bytes     frames   seconds   kbit/sec  Parameters
-----------  --------  -------  --------  --------  -----------
TKTENNSE         2760      105  0:00.806     27.38  HENRY -v7.50 -vb47 -vi7 -vt3 
TKTITANS         2294       99  0:00.760     24.14  HENRY -v7.50 -vb47 -vi7 -vt3 
TKTM18P1         2880      127  0:00.975     23.62  HENRY -v7.50 -vb47 -vi7 -vt3 
TKTM18P2         2846      130  0:00.998     22.80  HENRY -v7.50 -vb47 -vi7 -vt3 
TKTM18P3         2642      137  0:01.052     20.09  HENRY -v7.50 -vb47 -vi7 -vt3 
TKTM18Q1         1778       88  0:00.676     21.05  HENRY -v7.50 -vb47 -vi7 -vt3 
TKTM18Q2         2476      109  0:00.837     23.66  HENRY -v7.50 -vb47 -vi7 -vt3 
TKTM18T1         2346      114  0:00.876     21.44  HENRY -v7.50 -vb47 -vi7 -vt3 
TKTM18T2         2594      117  0:00.899     23.09  HENRY -v7.50 -vb47 -vi7 -vt3 
TKTM18T3         2320      115  0:00.883     21.01  HENRY -v7.50 -vb47 -vi7 -vt3 
TKTM18W1         1540       77  0:00.591     20.83  HENRY -v7.50 -vb47 -vi7 -vt3 
TKTM18W2         1892       93  0:00.714     21.19  HENRY -v7.50 -vb47 -vi7 -vt3 
TKTM18W3         1668       88  0:00.676     19.74  HENRY -v7.50 -vb47 -vi7 -vt3 
TKTNNTN1         4650      187  0:01.436     25.90  HENRY -v7.50 -vb47 -vi7 -vt3 
TKTNNTN2         4612      195  0:01.498     24.64  HENRY -v7.50 -vb47 -vi7 -vt3 
 
NFL Blitz 2000 Video Game (c) 1999 Midway Games -  (08/17/99 15:12:57) page 3


Summary

Total Average Bitrate:  23.0 kbits/sec
Total Time:             0:13.678 minutes
Total Number of .CMP's: 15
Total Size of .CMP's:    38.38 kbytes
