NFL Football Video Game (c) 1997 Midway Games - DW (10/06/97 02:05:44) page 1

PLBUILD version 3.0G

Bank Information
----------------

Bank name: TURMELL.BNK

Size of .BNK file including header: 4894 bytes ($131E bytes)

Size of playlist table: 8 bytes ($8 bytes)

Size of playlist and sound data only: 4752 bytes ($1290 bytes)

Checksum: $D0B8

Total number of playlists: 2 ($2)

Total number of sound files: 2 ($2)

Average bit rate for bank: 28.6 kbits/sec

Total linear amount of sound: 0:01.321 (min:sec.msec)



Playlist Table

  Dec  Hex   # Trks  Video  Pinball  Description
  ---- ----- ------ ------- -------  -----------
  0    $0000   1       31.0    35.5  TK: Turmell ... #1
  1    $0001   1       41.0    47.0  TK: Turmell ... #2

Total 2 Playlists
 
NFL Football Video Game (c) 1997 Midway Games - DW (10/06/97 02:05:44) page 2


Region Table 

File         Size      Length   Length    Bitrate   Compression
Name         bytes     frames   seconds   kbit/sec  Parameters
-----------  --------  -------  --------  --------  -----------
TMTRMLL1         1936       74  0:00.568     27.25  HENRY -v6.75 -vb47 -vi7 -vt1 
TMTRMLL2         2780       98  0:00.753     29.55  HENRY -v6.75 -vb47 -vi7 -vt1 
 
NFL Football Video Game (c) 1997 Midway Games - DW (10/06/97 02:05:44) page 3


Summary

Total Average Bitrate:  28.6 kbits/sec
Total Time:             0:01.321 minutes
Total Number of .CMP's: 2
Total Size of .CMP's:     4.61 kbytes
