NFL Blitz 2000 Video Game (c) 1999 Midway Games -  (08/17/99 15:12:59) page 1

PLBUILD version 3.0G

Bank Information
----------------

Bank name: VIKINGS.BNK

Size of .BNK file including header: 39198 bytes ($991E bytes)

Size of playlist table: 84 bytes ($54 bytes)

Size of playlist and sound data only: 38980 bytes ($9844 bytes)

Checksum: $37A4

Total number of playlists: 15 ($F)

Total number of sound files: 15 ($F)

Average bit rate for bank: 23.9 kbits/sec

Total linear amount of sound: 0:12.948 (min:sec.msec)



Playlist Table

  Dec  Hex   # Trks  Video  Pinball  Description
  ---- ----- ------ ------- -------  -----------
  0    $0000   1       43.1    49.4  TK: Minnesota ... (down by - leads by - etc.)
  1    $0001   1       47.3    54.2  TK: The Vikings ... (down by - lead by - etc.)
  2    $0002   1       82.0    94.1  TK: The Minnesota Vikings ... (first position)
  3    $0003   1       97.5   111.8  TK: ... the Minnesota Vikings (second position)

  10   $000a   1       38.5    44.2  TK:  QB Normal (Cunningham)
  11   $000b   1       31.0    35.5  TK:  Weapon #1 Normal (Carter)
  12   $000c   1       31.4    36.0  TK:  Weapon #2 Normal (Moss)
  13   $000d   1       23.0    26.4  TK:  Weapon #3 Normal (Smith)
  14   $000e   1       43.9    50.4  TK:  "to" Weapon #1 (Carter)
  15   $000f   1       41.4    47.5  TK:  "to" Weapon #2 (Moss)
  16   $0010   1       33.1    37.9  TK:  "to" Weapon #3 (Smith)
  17   $0011   1       65.7    75.4  TK:  QB Pumped up (Cunningham)
  18   $0012   1       50.2    57.6  TK:  Weapon #1 Pumped up (Carter)
  19   $0013   1       44.4    50.9  TK:  Weapon #2 Pumped up (Moss)
  20   $0014   1       33.9    38.9  TK:  Weapon #3 Pumped up (Smith)

Total 15 Playlists
 
NFL Blitz 2000 Video Game (c) 1999 Midway Games -  (08/17/99 15:12:59) page 2


Region Table 

File         Size      Length   Length    Bitrate   Compression
Name         bytes     frames   seconds   kbit/sec  Parameters
-----------  --------  -------  --------  --------  -----------
TKMINVK1         5016      196  0:01.505     26.66  HENRY -v6.75 -vb47 -vi7 -vt1 
TKMINVK2         5518      233  0:01.789     24.67  HENRY -v6.75 -vb47 -vi7 -vt1 
TKMNNST1         2520      102  0:00.783     25.74  HENRY -v6.75 -vb47 -vi7 -vt1 
TKTM4P1          2844      120  0:00.922     24.69  HENRY -v7.50 -vb47 -vi7 -vt3 
TKTM4P2          2184      106  0:00.814     21.46  HENRY -v7.50 -vb47 -vi7 -vt3 
TKTM4P3          1662       81  0:00.622     21.37  HENRY -v7.50 -vb47 -vi7 -vt3 
TKTM4Q1          2252       92  0:00.707     25.50  HENRY -v7.50 -vb47 -vi7 -vt3 
TKTM4Q2          4380      157  0:01.206     29.06  HENRY -v7.50 -vb47 -vi7 -vt3 
TKTM4T1          2136      105  0:00.806     21.19  HENRY -v7.50 -vb47 -vi7 -vt3 
TKTM4T2          2176       99  0:00.760     22.90  HENRY -v7.50 -vb47 -vi7 -vt3 
TKTM4T3          1844       79  0:00.607     24.31  HENRY -v7.50 -vb47 -vi7 -vt3 
TKTM4W1          1446       74  0:00.568     20.35  HENRY -v7.50 -vb47 -vi7 -vt3 
TKTM4W2          1514       75  0:00.576     21.03  HENRY -v7.50 -vb47 -vi7 -vt3 
TKTM4W3          1184       55  0:00.422     22.42  HENRY -v7.50 -vb47 -vi7 -vt3 
TKVKNGS1         1994      112  0:00.860     18.55  HENRY -v6.75 -vb47 -vi7 -vt1 
 
NFL Blitz 2000 Video Game (c) 1999 Midway Games -  (08/17/99 15:12:59) page 3


Summary

Total Average Bitrate:  23.9 kbits/sec
Total Time:             0:12.948 minutes
Total Number of .CMP's: 15
Total Size of .CMP's:    37.76 kbytes
