NFL Blitz 2000 Video Game (c) 1999 Midway Games -  (09/15/99 15:03:54) page 1

PLBUILD version 3.0G

Bank Information
----------------

Bank name: WINALL.BNK

Size of .BNK file including header: 268384 bytes ($41860 bytes)

Size of playlist table: 4 bytes ($4 bytes)

Size of playlist and sound data only: 268246 bytes ($417D6 bytes)

Checksum: $4A99

Total number of playlists: 1 ($1)

Total number of sound files: 6 ($6)

Average bit rate for bank: 80.4 kbits/sec

Total linear amount of sound: 0:26.673 (min:sec.msec)



Playlist Table

  Dec  Hex   # Trks  Video  Pinball  Description
  ---- ----- ------ ------- -------  -----------
  0    $0000   1          -       -  Beat All Teams Victory Tune

Total 1 Playlists
 
NFL Blitz 2000 Video Game (c) 1999 Midway Games -  (09/15/99 15:03:54) page 2


Region Table 

File         Size      Length   Length    Bitrate   Compression
Name         bytes     frames   seconds   kbit/sec  Parameters
-----------  --------  -------  --------  --------  -----------
NWINALL0        24988      291  0:02.235     89.45  HENRY -v3.50 -vb95 -vi7 -vt0 
NWINALL1        86650     1153  0:08.855     78.28  HENRY -v3.50 -vb95 -vi7 -vt0 
NWINALL2        90066     1161  0:08.916     80.81  HENRY -v3.50 -vb95 -vi7 -vt0 
NWINALL3        20928      289  0:02.220     75.43  HENRY -v3.50 -vb95 -vi7 -vt0 
NWINALL4        23174      290  0:02.227     83.24  HENRY -v3.50 -vb95 -vi7 -vt0 
NWINALL5        22354      289  0:02.220     80.57  HENRY -v3.50 -vb95 -vi7 -vt0 
 
NFL Blitz 2000 Video Game (c) 1999 Midway Games -  (09/15/99 15:03:54) page 3


Summary

Total Average Bitrate:  80.4 kbits/sec
Total Time:             0:26.673 minutes
Total Number of .CMP's: 6
Total Size of .CMP's:   261.88 kbytes
